2020-05-25 13:27:31-0700: Analysis Engine starting...
2020-05-25 13:27:31-0700: KataGo v1.3.5
2020-05-25 13:27:31-0700: nnRandSeed0 = 12891635661212096955
2020-05-25 13:27:31-0700: After dedups: nnModelFile0 = /home/austen/Programs/katago-opencl/g170e-b20c256x2-s3761649408-d809581368.bin.gz useFP16 auto useNHWC auto
2020-05-25 13:27:31-0700: Found OpenCL Platform 0: NVIDIA CUDA (NVIDIA Corporation) (OpenCL 1.2 CUDA 10.2.159)
2020-05-25 13:27:31-0700: Found 1 device(s) on platform 0 with type CPU or GPU or Accelerator
2020-05-25 13:27:31-0700: Found OpenCL Platform 1: Clover (Mesa) (OpenCL 1.1 Mesa 20.0.6)
2020-05-25 13:27:31-0700: Found 0 device(s) on platform 1 with type CPU or GPU or Accelerator, skipping
2020-05-25 13:27:31-0700: Found OpenCL Device 0: GeForce GTX 1050 Ti (NVIDIA Corporation) (score 11000102)
2020-05-25 13:27:32-0700: Using OpenCL Device 0: GeForce GTX 1050 Ti (NVIDIA Corporation) OpenCL 1.2 CUDA
2020-05-25 13:27:32-0700: Loaded tuning parameters from: /home/austen/.katago/opencltuning/tune6_gpuGeForceGTX1050Ti_x19_y19_c256_mv8.txt
2020-05-25 13:27:32-0700: Loaded config ../analysis.config
2020-05-25 13:27:32-0700: Loaded model /home/austen/Programs/katago-opencl/g170e-b20c256x2-s3761649408-d809581368.bin.gz
2020-05-25 13:27:32-0700: OpenCL backend: Model version 8
2020-05-25 13:27:32-0700: OpenCL backend: Model name: g170-b20c256x2-s3761649408-d809581368
2020-05-25 13:27:32-0700: Analyzing up to 6 positions at at time in parallel
2020-05-25 13:27:32-0700: Started, ready to begin handling requests
2020-05-25 13:27:33-0700: /home/austen/Programs/katago-opencl/g170e-b20c256x2-s3761649408-d809581368.bin.gz
2020-05-25 13:27:33-0700: NN rows: 2
2020-05-25 13:27:33-0700: NN batches: 1
2020-05-25 13:27:33-0700: NN avg batch size: 2
2020-05-25 13:27:33-0700: All cleaned up, quitting
2020-05-25 13:32:09-0700: Analysis Engine starting...
2020-05-25 13:32:09-0700: KataGo v1.3.5
2020-05-25 13:32:09-0700: nnRandSeed0 = 4657822259468795674
2020-05-25 13:32:09-0700: After dedups: nnModelFile0 = /home/austen/Programs/katago-opencl/g170e-b20c256x2-s3761649408-d809581368.bin.gz useFP16 auto useNHWC auto
2020-05-25 13:32:10-0700: Found OpenCL Platform 0: NVIDIA CUDA (NVIDIA Corporation) (OpenCL 1.2 CUDA 10.2.159)
2020-05-25 13:32:10-0700: Found 1 device(s) on platform 0 with type CPU or GPU or Accelerator
2020-05-25 13:32:10-0700: Found OpenCL Platform 1: Clover (Mesa) (OpenCL 1.1 Mesa 20.0.6)
2020-05-25 13:32:10-0700: Found 0 device(s) on platform 1 with type CPU or GPU or Accelerator, skipping
2020-05-25 13:32:10-0700: Found OpenCL Device 0: GeForce GTX 1050 Ti (NVIDIA Corporation) (score 11000102)
2020-05-25 13:32:10-0700: Using OpenCL Device 0: GeForce GTX 1050 Ti (NVIDIA Corporation) OpenCL 1.2 CUDA
2020-05-25 13:32:10-0700: Loaded tuning parameters from: /home/austen/.katago/opencltuning/tune6_gpuGeForceGTX1050Ti_x19_y19_c256_mv8.txt
2020-05-25 13:32:10-0700: Loaded config ../analysis.config
2020-05-25 13:32:10-0700: Loaded model /home/austen/Programs/katago-opencl/g170e-b20c256x2-s3761649408-d809581368.bin.gz
2020-05-25 13:32:10-0700: OpenCL backend: Model version 8
2020-05-25 13:32:10-0700: OpenCL backend: Model name: g170-b20c256x2-s3761649408-d809581368
2020-05-25 13:32:10-0700: Analyzing up to 6 positions at at time in parallel
2020-05-25 13:32:10-0700: Started, ready to begin handling requests
2020-05-25 13:32:14-0700: /home/austen/Programs/katago-opencl/g170e-b20c256x2-s3761649408-d809581368.bin.gz
2020-05-25 13:32:14-0700: NN rows: 594
2020-05-25 13:32:14-0700: NN batches: 60
2020-05-25 13:32:14-0700: NN avg batch size: 9.9
2020-05-25 13:32:15-0700: All cleaned up, quitting
2020-05-25 13:36:09-0700: Analysis Engine starting...
2020-05-25 13:36:09-0700: KataGo v1.4.2
2020-05-25 13:36:09-0700: nnRandSeed0 = 4440999217249243688
2020-05-25 13:36:09-0700: After dedups: nnModelFile0 = /home/austen/Programs/katago-opencl/g170e-b20c256x2-s3761649408-d809581368.bin.gz useFP16 auto useNHWC auto
2020-05-25 13:36:09-0700: Found OpenCL Platform 0: NVIDIA CUDA (NVIDIA Corporation) (OpenCL 1.2 CUDA 10.2.159)
2020-05-25 13:36:09-0700: Found 1 device(s) on platform 0 with type CPU or GPU or Accelerator
2020-05-25 13:36:09-0700: Found OpenCL Platform 1: Clover (Mesa) (OpenCL 1.1 Mesa 20.0.6)
2020-05-25 13:36:09-0700: Found 0 device(s) on platform 1 with type CPU or GPU or Accelerator, skipping
2020-05-25 13:36:09-0700: Found OpenCL Device 0: GeForce GTX 1050 Ti (NVIDIA Corporation) (score 11000102)
2020-05-25 13:36:09-0700: Using OpenCL Device 0: GeForce GTX 1050 Ti (NVIDIA Corporation) OpenCL 1.2 CUDA
2020-05-25 13:36:09-0700: Loaded tuning parameters from: /home/austen/.katago/opencltuning/tune6_gpuGeForceGTX1050Ti_x19_y19_c256_mv8.txt
2020-05-25 13:36:09-0700: Loaded config ../analysis.config
2020-05-25 13:36:09-0700: Loaded model /home/austen/Programs/katago-opencl/g170e-b20c256x2-s3761649408-d809581368.bin.gz
2020-05-25 13:36:09-0700: OpenCL backend: Model version 8
2020-05-25 13:36:09-0700: OpenCL backend: Model name: g170-b20c256x2-s3761649408-d809581368
2020-05-25 13:36:09-0700: Analyzing up to 6 positions at at time in parallel
2020-05-25 13:36:09-0700: Started, ready to begin handling requests
2020-05-25 13:36:14-0700: /home/austen/Programs/katago-opencl/g170e-b20c256x2-s3761649408-d809581368.bin.gz
2020-05-25 13:36:14-0700: NN rows: 701
2020-05-25 13:36:14-0700: NN batches: 80
2020-05-25 13:36:14-0700: NN avg batch size: 8.7625
2020-05-25 13:36:14-0700: All cleaned up, quitting
2020-05-25 13:39:07-0700: Analysis Engine starting...
2020-05-25 13:39:07-0700: KataGo v1.4.2
2020-05-25 13:39:07-0700: nnRandSeed0 = 16426525776504345046
2020-05-25 13:39:07-0700: After dedups: nnModelFile0 = /home/austen/Programs/katago-opencl/g170e-b20c256x2-s3761649408-d809581368.bin.gz useFP16 auto useNHWC auto
2020-05-25 13:39:08-0700: Found OpenCL Platform 0: NVIDIA CUDA (NVIDIA Corporation) (OpenCL 1.2 CUDA 10.2.159)
2020-05-25 13:39:08-0700: Found 1 device(s) on platform 0 with type CPU or GPU or Accelerator
2020-05-25 13:39:08-0700: Found OpenCL Platform 1: Clover (Mesa) (OpenCL 1.1 Mesa 20.0.6)
2020-05-25 13:39:08-0700: Found 0 device(s) on platform 1 with type CPU or GPU or Accelerator, skipping
2020-05-25 13:39:08-0700: Found OpenCL Device 0: GeForce GTX 1050 Ti (NVIDIA Corporation) (score 11000102)
2020-05-25 13:39:08-0700: Using OpenCL Device 0: GeForce GTX 1050 Ti (NVIDIA Corporation) OpenCL 1.2 CUDA
2020-05-25 13:39:08-0700: Loaded tuning parameters from: /home/austen/.katago/opencltuning/tune6_gpuGeForceGTX1050Ti_x19_y19_c256_mv8.txt
2020-05-25 13:39:08-0700: Loaded config ../analysis.config
2020-05-25 13:39:08-0700: Loaded model /home/austen/Programs/katago-opencl/g170e-b20c256x2-s3761649408-d809581368.bin.gz
2020-05-25 13:39:08-0700: OpenCL backend: Model version 8
2020-05-25 13:39:08-0700: OpenCL backend: Model name: g170-b20c256x2-s3761649408-d809581368
2020-05-25 13:39:08-0700: Analyzing up to 6 positions at at time in parallel
2020-05-25 13:39:08-0700: Started, ready to begin handling requests
2020-05-25 13:39:13-0700: /home/austen/Programs/katago-opencl/g170e-b20c256x2-s3761649408-d809581368.bin.gz
2020-05-25 13:39:13-0700: NN rows: 704
2020-05-25 13:39:13-0700: NN batches: 81
2020-05-25 13:39:13-0700: NN avg batch size: 8.69136
2020-05-25 13:39:13-0700: All cleaned up, quitting
2020-05-25 13:40:51-0700: Analysis Engine starting...
2020-05-25 13:40:51-0700: KataGo v1.4.2
2020-05-25 13:40:51-0700: nnRandSeed0 = 5510418059971683307
2020-05-25 13:40:51-0700: After dedups: nnModelFile0 = /home/austen/Programs/katago-opencl/g170e-b20c256x2-s3761649408-d809581368.bin.gz useFP16 auto useNHWC auto
2020-05-25 13:40:52-0700: Found OpenCL Platform 0: NVIDIA CUDA (NVIDIA Corporation) (OpenCL 1.2 CUDA 10.2.159)
2020-05-25 13:40:52-0700: Found 1 device(s) on platform 0 with type CPU or GPU or Accelerator
2020-05-25 13:40:52-0700: Found OpenCL Platform 1: Clover (Mesa) (OpenCL 1.1 Mesa 20.0.6)
2020-05-25 13:40:52-0700: Found 0 device(s) on platform 1 with type CPU or GPU or Accelerator, skipping
2020-05-25 13:40:52-0700: Found OpenCL Device 0: GeForce GTX 1050 Ti (NVIDIA Corporation) (score 11000102)
2020-05-25 13:40:52-0700: Using OpenCL Device 0: GeForce GTX 1050 Ti (NVIDIA Corporation) OpenCL 1.2 CUDA
2020-05-25 13:40:52-0700: Loaded tuning parameters from: /home/austen/.katago/opencltuning/tune6_gpuGeForceGTX1050Ti_x19_y19_c256_mv8.txt
2020-05-25 13:40:52-0700: Loaded config ../analysis.config
2020-05-25 13:40:52-0700: Loaded model /home/austen/Programs/katago-opencl/g170e-b20c256x2-s3761649408-d809581368.bin.gz
2020-05-25 13:40:52-0700: OpenCL backend: Model version 8
2020-05-25 13:40:52-0700: OpenCL backend: Model name: g170-b20c256x2-s3761649408-d809581368
2020-05-25 13:40:52-0700: Analyzing up to 6 positions at at time in parallel
2020-05-25 13:40:52-0700: Started, ready to begin handling requests
2020-05-25 13:40:57-0700: /home/austen/Programs/katago-opencl/g170e-b20c256x2-s3761649408-d809581368.bin.gz
2020-05-25 13:40:57-0700: NN rows: 711
2020-05-25 13:40:57-0700: NN batches: 81
2020-05-25 13:40:57-0700: NN avg batch size: 8.77778
2020-05-25 13:40:57-0700: All cleaned up, quitting
2020-05-25 13:43:58-0700: Analysis Engine starting...
2020-05-25 13:43:58-0700: KataGo v1.4.2
2020-05-25 13:43:58-0700: nnRandSeed0 = 4151161027964223711
2020-05-25 13:43:58-0700: After dedups: nnModelFile0 = /home/austen/Programs/katago-opencl/g170e-b20c256x2-s3761649408-d809581368.bin.gz useFP16 auto useNHWC auto
2020-05-25 13:43:59-0700: Found OpenCL Platform 0: NVIDIA CUDA (NVIDIA Corporation) (OpenCL 1.2 CUDA 10.2.159)
2020-05-25 13:43:59-0700: Found 1 device(s) on platform 0 with type CPU or GPU or Accelerator
2020-05-25 13:43:59-0700: Found OpenCL Platform 1: Clover (Mesa) (OpenCL 1.1 Mesa 20.0.6)
2020-05-25 13:43:59-0700: Found 0 device(s) on platform 1 with type CPU or GPU or Accelerator, skipping
2020-05-25 13:43:59-0700: Found OpenCL Device 0: GeForce GTX 1050 Ti (NVIDIA Corporation) (score 11000102)
2020-05-25 13:43:59-0700: Using OpenCL Device 0: GeForce GTX 1050 Ti (NVIDIA Corporation) OpenCL 1.2 CUDA
2020-05-25 13:43:59-0700: Loaded tuning parameters from: /home/austen/.katago/opencltuning/tune6_gpuGeForceGTX1050Ti_x19_y19_c256_mv8.txt
2020-05-25 13:43:59-0700: Loaded config ../analysis.config
2020-05-25 13:43:59-0700: Loaded model /home/austen/Programs/katago-opencl/g170e-b20c256x2-s3761649408-d809581368.bin.gz
2020-05-25 13:43:59-0700: OpenCL backend: Model version 8
2020-05-25 13:43:59-0700: OpenCL backend: Model name: g170-b20c256x2-s3761649408-d809581368
2020-05-25 13:43:59-0700: Analyzing up to 6 positions at at time in parallel
2020-05-25 13:43:59-0700: Started, ready to begin handling requests
2020-05-25 13:44:03-0700: /home/austen/Programs/katago-opencl/g170e-b20c256x2-s3761649408-d809581368.bin.gz
2020-05-25 13:44:03-0700: NN rows: 698
2020-05-25 13:44:03-0700: NN batches: 79
2020-05-25 13:44:03-0700: NN avg batch size: 8.83544
2020-05-25 13:44:04-0700: All cleaned up, quitting
2020-05-25 16:32:50-0700: Analysis Engine starting...
2020-05-25 16:32:50-0700: KataGo v1.4.2
2020-05-25 16:32:50-0700: nnRandSeed0 = 10668239289183090184
2020-05-25 16:32:50-0700: After dedups: nnModelFile0 = /home/austen/Programs/katago-opencl/g170e-b20c256x2-s3761649408-d809581368.bin.gz useFP16 auto useNHWC auto
2020-05-25 16:32:51-0700: Found OpenCL Platform 0: NVIDIA CUDA (NVIDIA Corporation) (OpenCL 1.2 CUDA 10.2.159)
2020-05-25 16:32:51-0700: Found 1 device(s) on platform 0 with type CPU or GPU or Accelerator
2020-05-25 16:32:51-0700: Found OpenCL Platform 1: Clover (Mesa) (OpenCL 1.1 Mesa 20.0.6)
2020-05-25 16:32:51-0700: Found 0 device(s) on platform 1 with type CPU or GPU or Accelerator, skipping
2020-05-25 16:32:51-0700: Found OpenCL Device 0: GeForce GTX 1050 Ti (NVIDIA Corporation) (score 11000102)
2020-05-25 16:32:51-0700: Using OpenCL Device 0: GeForce GTX 1050 Ti (NVIDIA Corporation) OpenCL 1.2 CUDA
2020-05-25 16:32:51-0700: Loaded tuning parameters from: /home/austen/.katago/opencltuning/tune6_gpuGeForceGTX1050Ti_x19_y19_c256_mv8.txt
2020-05-25 16:32:51-0700: Loaded config ../analysis.config
2020-05-25 16:32:51-0700: Loaded model /home/austen/Programs/katago-opencl/g170e-b20c256x2-s3761649408-d809581368.bin.gz
2020-05-25 16:32:51-0700: OpenCL backend: Model version 8
2020-05-25 16:32:51-0700: OpenCL backend: Model name: g170-b20c256x2-s3761649408-d809581368
2020-05-25 16:32:51-0700: Analyzing up to 6 positions at at time in parallel
2020-05-25 16:32:51-0700: Started, ready to begin handling requests
2020-05-25 16:33:00-0700: /home/austen/Programs/katago-opencl/g170e-b20c256x2-s3761649408-d809581368.bin.gz
2020-05-25 16:33:00-0700: NN rows: 1501
2020-05-25 16:33:00-0700: NN batches: 83
2020-05-25 16:33:00-0700: NN avg batch size: 18.0843
2020-05-25 16:33:00-0700: All cleaned up, quitting
2020-05-25 16:37:48-0700: Analysis Engine starting...
2020-05-25 16:37:48-0700: KataGo v1.4.2
2020-05-25 16:37:48-0700: nnRandSeed0 = 10719958133284325742
2020-05-25 16:37:48-0700: After dedups: nnModelFile0 = /home/austen/Programs/katago-opencl/g170e-b20c256x2-s3761649408-d809581368.bin.gz useFP16 auto useNHWC auto
2020-05-25 16:37:49-0700: Found OpenCL Platform 0: NVIDIA CUDA (NVIDIA Corporation) (OpenCL 1.2 CUDA 10.2.159)
2020-05-25 16:37:49-0700: Found 1 device(s) on platform 0 with type CPU or GPU or Accelerator
2020-05-25 16:37:49-0700: Found OpenCL Platform 1: Clover (Mesa) (OpenCL 1.1 Mesa 20.0.6)
2020-05-25 16:37:49-0700: Found 0 device(s) on platform 1 with type CPU or GPU or Accelerator, skipping
2020-05-25 16:37:49-0700: Found OpenCL Device 0: GeForce GTX 1050 Ti (NVIDIA Corporation) (score 11000102)
2020-05-25 16:37:49-0700: Using OpenCL Device 0: GeForce GTX 1050 Ti (NVIDIA Corporation) OpenCL 1.2 CUDA
2020-05-25 16:37:49-0700: Loaded tuning parameters from: /home/austen/.katago/opencltuning/tune6_gpuGeForceGTX1050Ti_x19_y19_c256_mv8.txt
2020-05-25 16:37:49-0700: Loaded config ../analysis.config
2020-05-25 16:37:49-0700: Loaded model /home/austen/Programs/katago-opencl/g170e-b20c256x2-s3761649408-d809581368.bin.gz
2020-05-25 16:37:49-0700: OpenCL backend: Model version 8
2020-05-25 16:37:49-0700: OpenCL backend: Model name: g170-b20c256x2-s3761649408-d809581368
2020-05-25 16:37:49-0700: Analyzing up to 6 positions at at time in parallel
2020-05-25 16:37:49-0700: Started, ready to begin handling requests
2020-05-25 16:37:58-0700: /home/austen/Programs/katago-opencl/g170e-b20c256x2-s3761649408-d809581368.bin.gz
2020-05-25 16:37:58-0700: NN rows: 1538
2020-05-25 16:37:58-0700: NN batches: 92
2020-05-25 16:37:58-0700: NN avg batch size: 16.7174
2020-05-25 16:37:58-0700: All cleaned up, quitting
2020-05-25 16:39:12-0700: Analysis Engine starting...
2020-05-25 16:39:12-0700: KataGo v1.4.2
2020-05-25 16:39:12-0700: nnRandSeed0 = 5817050775841192639
2020-05-25 16:39:12-0700: After dedups: nnModelFile0 = /home/austen/Programs/katago-opencl/g170e-b20c256x2-s3761649408-d809581368.bin.gz useFP16 auto useNHWC auto
2020-05-25 16:39:13-0700: Found OpenCL Platform 0: NVIDIA CUDA (NVIDIA Corporation) (OpenCL 1.2 CUDA 10.2.159)
2020-05-25 16:39:13-0700: Found 1 device(s) on platform 0 with type CPU or GPU or Accelerator
2020-05-25 16:39:13-0700: Found OpenCL Platform 1: Clover (Mesa) (OpenCL 1.1 Mesa 20.0.6)
2020-05-25 16:39:13-0700: Found 0 device(s) on platform 1 with type CPU or GPU or Accelerator, skipping
2020-05-25 16:39:13-0700: Found OpenCL Device 0: GeForce GTX 1050 Ti (NVIDIA Corporation) (score 11000102)
2020-05-25 16:39:13-0700: Using OpenCL Device 0: GeForce GTX 1050 Ti (NVIDIA Corporation) OpenCL 1.2 CUDA
2020-05-25 16:39:13-0700: Loaded tuning parameters from: /home/austen/.katago/opencltuning/tune6_gpuGeForceGTX1050Ti_x19_y19_c256_mv8.txt
2020-05-25 16:39:13-0700: Loaded config ../analysis.config
2020-05-25 16:39:13-0700: Loaded model /home/austen/Programs/katago-opencl/g170e-b20c256x2-s3761649408-d809581368.bin.gz
2020-05-25 16:39:13-0700: OpenCL backend: Model version 8
2020-05-25 16:39:13-0700: OpenCL backend: Model name: g170-b20c256x2-s3761649408-d809581368
2020-05-25 16:39:13-0700: Analyzing up to 6 positions at at time in parallel
2020-05-25 16:39:13-0700: Started, ready to begin handling requests
2020-05-25 16:39:22-0700: /home/austen/Programs/katago-opencl/g170e-b20c256x2-s3761649408-d809581368.bin.gz
2020-05-25 16:39:22-0700: NN rows: 1528
2020-05-25 16:39:22-0700: NN batches: 94
2020-05-25 16:39:22-0700: NN avg batch size: 16.2553
2020-05-25 16:39:22-0700: All cleaned up, quitting
2020-05-25 16:44:09-0700: Analysis Engine starting...
2020-05-25 16:44:09-0700: KataGo v1.4.2
2020-05-25 16:44:09-0700: nnRandSeed0 = 12113376186394266181
2020-05-25 16:44:09-0700: After dedups: nnModelFile0 = /home/austen/Programs/katago-opencl/g170e-b20c256x2-s3761649408-d809581368.bin.gz useFP16 auto useNHWC auto
2020-05-25 16:44:09-0700: Found OpenCL Platform 0: NVIDIA CUDA (NVIDIA Corporation) (OpenCL 1.2 CUDA 10.2.159)
2020-05-25 16:44:09-0700: Found 1 device(s) on platform 0 with type CPU or GPU or Accelerator
2020-05-25 16:44:09-0700: Found OpenCL Platform 1: Clover (Mesa) (OpenCL 1.1 Mesa 20.0.6)
2020-05-25 16:44:09-0700: Found 0 device(s) on platform 1 with type CPU or GPU or Accelerator, skipping
2020-05-25 16:44:09-0700: Found OpenCL Device 0: GeForce GTX 1050 Ti (NVIDIA Corporation) (score 11000102)
2020-05-25 16:44:09-0700: Using OpenCL Device 0: GeForce GTX 1050 Ti (NVIDIA Corporation) OpenCL 1.2 CUDA
2020-05-25 16:44:09-0700: Loaded tuning parameters from: /home/austen/.katago/opencltuning/tune6_gpuGeForceGTX1050Ti_x19_y19_c256_mv8.txt
2020-05-25 16:44:09-0700: Loaded config ../analysis.config
2020-05-25 16:44:09-0700: Loaded model /home/austen/Programs/katago-opencl/g170e-b20c256x2-s3761649408-d809581368.bin.gz
2020-05-25 16:44:09-0700: OpenCL backend: Model version 8
2020-05-25 16:44:09-0700: OpenCL backend: Model name: g170-b20c256x2-s3761649408-d809581368
2020-05-25 16:44:09-0700: Analyzing up to 6 positions at at time in parallel
2020-05-25 16:44:09-0700: Started, ready to begin handling requests
2020-05-25 16:52:35-0700: /home/austen/Programs/katago-opencl/g170e-b20c256x2-s3761649408-d809581368.bin.gz
2020-05-25 16:52:35-0700: NN rows: 97981
2020-05-25 16:52:35-0700: NN batches: 3305
2020-05-25 16:52:35-0700: NN avg batch size: 29.6463
2020-05-25 16:52:35-0700: All cleaned up, quitting
2020-05-25 18:21:21-0700: Analysis Engine starting...
2020-05-25 18:21:21-0700: KataGo v1.4.2
2020-05-25 18:21:21-0700: nnRandSeed0 = 2257252623807358675
2020-05-25 18:21:21-0700: After dedups: nnModelFile0 = /home/austen/Programs/katago-opencl/g170e-b20c256x2-s3761649408-d809581368.bin.gz useFP16 auto useNHWC auto
2020-05-25 18:21:22-0700: Found OpenCL Platform 0: NVIDIA CUDA (NVIDIA Corporation) (OpenCL 1.2 CUDA 10.2.159)
2020-05-25 18:21:22-0700: Found 1 device(s) on platform 0 with type CPU or GPU or Accelerator
2020-05-25 18:21:22-0700: Found OpenCL Platform 1: Clover (Mesa) (OpenCL 1.1 Mesa 20.0.6)
2020-05-25 18:21:22-0700: Found 0 device(s) on platform 1 with type CPU or GPU or Accelerator, skipping
2020-05-25 18:21:22-0700: Found OpenCL Device 0: GeForce GTX 1050 Ti (NVIDIA Corporation) (score 11000102)
2020-05-25 18:21:22-0700: Using OpenCL Device 0: GeForce GTX 1050 Ti (NVIDIA Corporation) OpenCL 1.2 CUDA
2020-05-25 18:21:22-0700: Loaded tuning parameters from: /home/austen/.katago/opencltuning/tune6_gpuGeForceGTX1050Ti_x19_y19_c256_mv8.txt
2020-05-25 18:21:22-0700: Loaded config ../analysis.config
2020-05-25 18:21:22-0700: Loaded model /home/austen/Programs/katago-opencl/g170e-b20c256x2-s3761649408-d809581368.bin.gz
2020-05-25 18:21:22-0700: OpenCL backend: Model version 8
2020-05-25 18:21:22-0700: OpenCL backend: Model name: g170-b20c256x2-s3761649408-d809581368
2020-05-25 18:21:22-0700: Analyzing up to 6 positions at at time in parallel
2020-05-25 18:21:22-0700: Started, ready to begin handling requests
2020-05-25 18:21:35-0700: /home/austen/Programs/katago-opencl/g170e-b20c256x2-s3761649408-d809581368.bin.gz
2020-05-25 18:21:35-0700: NN rows: 2379
2020-05-25 18:21:35-0700: NN batches: 144
2020-05-25 18:21:35-0700: NN avg batch size: 16.5208
2020-05-25 18:21:36-0700: All cleaned up, quitting
2020-05-25 18:29:15-0700: Analysis Engine starting...
2020-05-25 18:29:15-0700: KataGo v1.4.2
2020-05-25 18:29:15-0700: nnRandSeed0 = 17606436324927080132
2020-05-25 18:29:15-0700: After dedups: nnModelFile0 = /home/austen/Programs/katago-opencl/g170e-b20c256x2-s3761649408-d809581368.bin.gz useFP16 auto useNHWC auto
2020-05-25 18:29:16-0700: Found OpenCL Platform 0: NVIDIA CUDA (NVIDIA Corporation) (OpenCL 1.2 CUDA 10.2.159)
2020-05-25 18:29:16-0700: Found 1 device(s) on platform 0 with type CPU or GPU or Accelerator
2020-05-25 18:29:16-0700: Found OpenCL Platform 1: Clover (Mesa) (OpenCL 1.1 Mesa 20.0.6)
2020-05-25 18:29:16-0700: Found 0 device(s) on platform 1 with type CPU or GPU or Accelerator, skipping
2020-05-25 18:29:16-0700: Found OpenCL Device 0: GeForce GTX 1050 Ti (NVIDIA Corporation) (score 11000102)
2020-05-25 18:29:16-0700: Using OpenCL Device 0: GeForce GTX 1050 Ti (NVIDIA Corporation) OpenCL 1.2 CUDA
2020-05-25 18:29:16-0700: Loaded tuning parameters from: /home/austen/.katago/opencltuning/tune6_gpuGeForceGTX1050Ti_x19_y19_c256_mv8.txt
2020-05-25 18:29:16-0700: Loaded config ../analysis.config
2020-05-25 18:29:16-0700: Loaded model /home/austen/Programs/katago-opencl/g170e-b20c256x2-s3761649408-d809581368.bin.gz
2020-05-25 18:29:16-0700: OpenCL backend: Model version 8
2020-05-25 18:29:16-0700: OpenCL backend: Model name: g170-b20c256x2-s3761649408-d809581368
2020-05-25 18:29:16-0700: Analyzing up to 6 positions at at time in parallel
2020-05-25 18:29:16-0700: Started, ready to begin handling requests
2020-05-25 18:29:28-0700: /home/austen/Programs/katago-opencl/g170e-b20c256x2-s3761649408-d809581368.bin.gz
2020-05-25 18:29:28-0700: NN rows: 2057
2020-05-25 18:29:28-0700: NN batches: 237
2020-05-25 18:29:28-0700: NN avg batch size: 8.67932
2020-05-25 18:29:28-0700: All cleaned up, quitting
2020-05-25 18:35:10-0700: Analysis Engine starting...
2020-05-25 18:35:10-0700: KataGo v1.4.2
2020-05-25 18:35:10-0700: nnRandSeed0 = 11645155156405518142
2020-05-25 18:35:10-0700: After dedups: nnModelFile0 = /home/austen/Programs/katago-opencl/g170e-b20c256x2-s3761649408-d809581368.bin.gz useFP16 auto useNHWC auto
2020-05-25 18:35:11-0700: Found OpenCL Platform 0: NVIDIA CUDA (NVIDIA Corporation) (OpenCL 1.2 CUDA 10.2.159)
2020-05-25 18:35:11-0700: Found 1 device(s) on platform 0 with type CPU or GPU or Accelerator
2020-05-25 18:35:11-0700: Found OpenCL Platform 1: Clover (Mesa) (OpenCL 1.1 Mesa 20.0.6)
2020-05-25 18:35:11-0700: Found 0 device(s) on platform 1 with type CPU or GPU or Accelerator, skipping
2020-05-25 18:35:11-0700: Found OpenCL Device 0: GeForce GTX 1050 Ti (NVIDIA Corporation) (score 11000102)
2020-05-25 18:35:11-0700: Using OpenCL Device 0: GeForce GTX 1050 Ti (NVIDIA Corporation) OpenCL 1.2 CUDA
2020-05-25 18:35:11-0700: Loaded tuning parameters from: /home/austen/.katago/opencltuning/tune6_gpuGeForceGTX1050Ti_x19_y19_c256_mv8.txt
2020-05-25 18:35:11-0700: Loaded config ../analysis.config
2020-05-25 18:35:11-0700: Loaded model /home/austen/Programs/katago-opencl/g170e-b20c256x2-s3761649408-d809581368.bin.gz
2020-05-25 18:35:11-0700: OpenCL backend: Model version 8
2020-05-25 18:35:11-0700: OpenCL backend: Model name: g170-b20c256x2-s3761649408-d809581368
2020-05-25 18:35:11-0700: Analyzing up to 6 positions at at time in parallel
2020-05-25 18:35:11-0700: Started, ready to begin handling requests
2020-05-25 18:35:25-0700: /home/austen/Programs/katago-opencl/g170e-b20c256x2-s3761649408-d809581368.bin.gz
2020-05-25 18:35:25-0700: NN rows: 2357
2020-05-25 18:35:25-0700: NN batches: 305
2020-05-25 18:35:25-0700: NN avg batch size: 7.72787
2020-05-25 18:35:25-0700: All cleaned up, quitting
2020-05-25 18:40:03-0700: Analysis Engine starting...
2020-05-25 18:40:03-0700: KataGo v1.4.2
2020-05-25 18:40:03-0700: nnRandSeed0 = 8783587108535846700
2020-05-25 18:40:03-0700: After dedups: nnModelFile0 = /home/austen/Programs/katago-opencl/g170e-b20c256x2-s3761649408-d809581368.bin.gz useFP16 auto useNHWC auto
2020-05-25 18:40:04-0700: Found OpenCL Platform 0: NVIDIA CUDA (NVIDIA Corporation) (OpenCL 1.2 CUDA 10.2.159)
2020-05-25 18:40:04-0700: Found 1 device(s) on platform 0 with type CPU or GPU or Accelerator
2020-05-25 18:40:04-0700: Found OpenCL Platform 1: Clover (Mesa) (OpenCL 1.1 Mesa 20.0.6)
2020-05-25 18:40:04-0700: Found 0 device(s) on platform 1 with type CPU or GPU or Accelerator, skipping
2020-05-25 18:40:04-0700: Found OpenCL Device 0: GeForce GTX 1050 Ti (NVIDIA Corporation) (score 11000102)
2020-05-25 18:40:04-0700: Using OpenCL Device 0: GeForce GTX 1050 Ti (NVIDIA Corporation) OpenCL 1.2 CUDA
2020-05-25 18:40:04-0700: Loaded tuning parameters from: /home/austen/.katago/opencltuning/tune6_gpuGeForceGTX1050Ti_x19_y19_c256_mv8.txt
2020-05-25 18:40:04-0700: Loaded config ../analysis.config
2020-05-25 18:40:04-0700: Loaded model /home/austen/Programs/katago-opencl/g170e-b20c256x2-s3761649408-d809581368.bin.gz
2020-05-25 18:40:04-0700: OpenCL backend: Model version 8
2020-05-25 18:40:04-0700: OpenCL backend: Model name: g170-b20c256x2-s3761649408-d809581368
2020-05-25 18:40:04-0700: Analyzing up to 6 positions at at time in parallel
2020-05-25 18:40:04-0700: Started, ready to begin handling requests
2020-05-25 18:40:07-0700: /home/austen/Programs/katago-opencl/g170e-b20c256x2-s3761649408-d809581368.bin.gz
2020-05-25 18:40:07-0700: NN rows: 480
2020-05-25 18:40:07-0700: NN batches: 50
2020-05-25 18:40:07-0700: NN avg batch size: 9.6
2020-05-25 18:40:08-0700: All cleaned up, quitting
2020-05-25 18:44:03-0700: Analysis Engine starting...
2020-05-25 18:44:03-0700: KataGo v1.4.2
2020-05-25 18:44:03-0700: nnRandSeed0 = 18383536470086373705
2020-05-25 18:44:03-0700: After dedups: nnModelFile0 = /home/austen/Programs/katago-opencl/g170e-b20c256x2-s3761649408-d809581368.bin.gz useFP16 auto useNHWC auto
2020-05-25 18:44:04-0700: Found OpenCL Platform 0: NVIDIA CUDA (NVIDIA Corporation) (OpenCL 1.2 CUDA 10.2.159)
2020-05-25 18:44:04-0700: Found 1 device(s) on platform 0 with type CPU or GPU or Accelerator
2020-05-25 18:44:04-0700: Found OpenCL Platform 1: Clover (Mesa) (OpenCL 1.1 Mesa 20.0.6)
2020-05-25 18:44:04-0700: Found 0 device(s) on platform 1 with type CPU or GPU or Accelerator, skipping
2020-05-25 18:44:04-0700: Found OpenCL Device 0: GeForce GTX 1050 Ti (NVIDIA Corporation) (score 11000102)
2020-05-25 18:44:04-0700: Using OpenCL Device 0: GeForce GTX 1050 Ti (NVIDIA Corporation) OpenCL 1.2 CUDA
2020-05-25 18:44:04-0700: Loaded tuning parameters from: /home/austen/.katago/opencltuning/tune6_gpuGeForceGTX1050Ti_x19_y19_c256_mv8.txt
2020-05-25 18:44:04-0700: Loaded config ../analysis.config
2020-05-25 18:44:04-0700: Loaded model /home/austen/Programs/katago-opencl/g170e-b20c256x2-s3761649408-d809581368.bin.gz
2020-05-25 18:44:04-0700: OpenCL backend: Model version 8
2020-05-25 18:44:04-0700: OpenCL backend: Model name: g170-b20c256x2-s3761649408-d809581368
2020-05-25 18:44:04-0700: Analyzing up to 6 positions at at time in parallel
2020-05-25 18:44:04-0700: Started, ready to begin handling requests
2020-05-25 18:44:08-0700: /home/austen/Programs/katago-opencl/g170e-b20c256x2-s3761649408-d809581368.bin.gz
2020-05-25 18:44:08-0700: NN rows: 535
2020-05-25 18:44:08-0700: NN batches: 63
2020-05-25 18:44:08-0700: NN avg batch size: 8.49206
2020-05-25 18:44:08-0700: All cleaned up, quitting
2020-05-25 18:46:47-0700: Analysis Engine starting...
2020-05-25 18:46:47-0700: KataGo v1.4.2
2020-05-25 18:46:47-0700: nnRandSeed0 = 12773953515620968057
2020-05-25 18:46:47-0700: After dedups: nnModelFile0 = /home/austen/Programs/katago-opencl/g170e-b20c256x2-s3761649408-d809581368.bin.gz useFP16 auto useNHWC auto
2020-05-25 18:46:47-0700: Found OpenCL Platform 0: NVIDIA CUDA (NVIDIA Corporation) (OpenCL 1.2 CUDA 10.2.159)
2020-05-25 18:46:47-0700: Found 1 device(s) on platform 0 with type CPU or GPU or Accelerator
2020-05-25 18:46:47-0700: Found OpenCL Platform 1: Clover (Mesa) (OpenCL 1.1 Mesa 20.0.6)
2020-05-25 18:46:47-0700: Found 0 device(s) on platform 1 with type CPU or GPU or Accelerator, skipping
2020-05-25 18:46:47-0700: Found OpenCL Device 0: GeForce GTX 1050 Ti (NVIDIA Corporation) (score 11000102)
2020-05-25 18:46:47-0700: Using OpenCL Device 0: GeForce GTX 1050 Ti (NVIDIA Corporation) OpenCL 1.2 CUDA
2020-05-25 18:46:47-0700: Loaded tuning parameters from: /home/austen/.katago/opencltuning/tune6_gpuGeForceGTX1050Ti_x19_y19_c256_mv8.txt
2020-05-25 18:46:47-0700: Loaded config ../analysis.config
2020-05-25 18:46:47-0700: Loaded model /home/austen/Programs/katago-opencl/g170e-b20c256x2-s3761649408-d809581368.bin.gz
2020-05-25 18:46:47-0700: OpenCL backend: Model version 8
2020-05-25 18:46:47-0700: OpenCL backend: Model name: g170-b20c256x2-s3761649408-d809581368
2020-05-25 18:46:47-0700: Analyzing up to 6 positions at at time in parallel
2020-05-25 18:46:47-0700: Started, ready to begin handling requests
2020-05-25 18:46:51-0700: /home/austen/Programs/katago-opencl/g170e-b20c256x2-s3761649408-d809581368.bin.gz
2020-05-25 18:46:51-0700: NN rows: 551
2020-05-25 18:46:51-0700: NN batches: 67
2020-05-25 18:46:51-0700: NN avg batch size: 8.22388
2020-05-25 18:46:51-0700: All cleaned up, quitting
2020-05-25 18:53:05-0700: Analysis Engine starting...
2020-05-25 18:53:05-0700: KataGo v1.4.2
2020-05-25 18:53:05-0700: nnRandSeed0 = 12538512687235277128
2020-05-25 18:53:05-0700: After dedups: nnModelFile0 = /home/austen/Programs/katago-opencl/g170e-b20c256x2-s3761649408-d809581368.bin.gz useFP16 auto useNHWC auto
2020-05-25 18:53:06-0700: Found OpenCL Platform 0: NVIDIA CUDA (NVIDIA Corporation) (OpenCL 1.2 CUDA 10.2.159)
2020-05-25 18:53:06-0700: Found 1 device(s) on platform 0 with type CPU or GPU or Accelerator
2020-05-25 18:53:06-0700: Found OpenCL Platform 1: Clover (Mesa) (OpenCL 1.1 Mesa 20.0.6)
2020-05-25 18:53:06-0700: Found 0 device(s) on platform 1 with type CPU or GPU or Accelerator, skipping
2020-05-25 18:53:06-0700: Found OpenCL Device 0: GeForce GTX 1050 Ti (NVIDIA Corporation) (score 11000102)
2020-05-25 18:53:06-0700: Using OpenCL Device 0: GeForce GTX 1050 Ti (NVIDIA Corporation) OpenCL 1.2 CUDA
2020-05-25 18:53:06-0700: Loaded tuning parameters from: /home/austen/.katago/opencltuning/tune6_gpuGeForceGTX1050Ti_x19_y19_c256_mv8.txt
2020-05-25 18:53:06-0700: Loaded config ../analysis.config
2020-05-25 18:53:06-0700: Loaded model /home/austen/Programs/katago-opencl/g170e-b20c256x2-s3761649408-d809581368.bin.gz
2020-05-25 18:53:06-0700: OpenCL backend: Model version 8
2020-05-25 18:53:06-0700: OpenCL backend: Model name: g170-b20c256x2-s3761649408-d809581368
2020-05-25 18:53:06-0700: Analyzing up to 6 positions at at time in parallel
2020-05-25 18:53:06-0700: Started, ready to begin handling requests
2020-05-25 18:53:10-0700: /home/austen/Programs/katago-opencl/g170e-b20c256x2-s3761649408-d809581368.bin.gz
2020-05-25 18:53:10-0700: NN rows: 563
2020-05-25 18:53:10-0700: NN batches: 67
2020-05-25 18:53:10-0700: NN avg batch size: 8.40299
2020-05-25 18:53:10-0700: All cleaned up, quitting
2020-05-25 18:54:23-0700: Analysis Engine starting...
2020-05-25 18:54:23-0700: KataGo v1.4.2
2020-05-25 18:54:23-0700: nnRandSeed0 = 14791763457459050989
2020-05-25 18:54:23-0700: After dedups: nnModelFile0 = /home/austen/Programs/katago-opencl/g170e-b20c256x2-s3761649408-d809581368.bin.gz useFP16 auto useNHWC auto
2020-05-25 18:54:24-0700: Found OpenCL Platform 0: NVIDIA CUDA (NVIDIA Corporation) (OpenCL 1.2 CUDA 10.2.159)
2020-05-25 18:54:24-0700: Found 1 device(s) on platform 0 with type CPU or GPU or Accelerator
2020-05-25 18:54:24-0700: Found OpenCL Platform 1: Clover (Mesa) (OpenCL 1.1 Mesa 20.0.6)
2020-05-25 18:54:24-0700: Found 0 device(s) on platform 1 with type CPU or GPU or Accelerator, skipping
2020-05-25 18:54:24-0700: Found OpenCL Device 0: GeForce GTX 1050 Ti (NVIDIA Corporation) (score 11000102)
2020-05-25 18:54:24-0700: Using OpenCL Device 0: GeForce GTX 1050 Ti (NVIDIA Corporation) OpenCL 1.2 CUDA
2020-05-25 18:54:24-0700: Loaded tuning parameters from: /home/austen/.katago/opencltuning/tune6_gpuGeForceGTX1050Ti_x19_y19_c256_mv8.txt
2020-05-25 18:54:24-0700: Loaded config ../analysis.config
2020-05-25 18:54:24-0700: Loaded model /home/austen/Programs/katago-opencl/g170e-b20c256x2-s3761649408-d809581368.bin.gz
2020-05-25 18:54:24-0700: OpenCL backend: Model version 8
2020-05-25 18:54:24-0700: OpenCL backend: Model name: g170-b20c256x2-s3761649408-d809581368
2020-05-25 18:54:24-0700: Analyzing up to 6 positions at at time in parallel
2020-05-25 18:54:24-0700: Started, ready to begin handling requests
2020-05-25 18:54:28-0700: /home/austen/Programs/katago-opencl/g170e-b20c256x2-s3761649408-d809581368.bin.gz
2020-05-25 18:54:28-0700: NN rows: 532
2020-05-25 18:54:28-0700: NN batches: 63
2020-05-25 18:54:28-0700: NN avg batch size: 8.44444
2020-05-25 18:54:28-0700: All cleaned up, quitting
2020-05-25 19:01:56-0700: Analysis Engine starting...
2020-05-25 19:01:56-0700: KataGo v1.4.2
2020-05-25 19:01:56-0700: nnRandSeed0 = 7563414067279937750
2020-05-25 19:01:56-0700: After dedups: nnModelFile0 = /home/austen/Programs/katago-opencl/g170e-b20c256x2-s3761649408-d809581368.bin.gz useFP16 auto useNHWC auto
2020-05-25 19:01:57-0700: Found OpenCL Platform 0: NVIDIA CUDA (NVIDIA Corporation) (OpenCL 1.2 CUDA 10.2.159)
2020-05-25 19:01:57-0700: Found 1 device(s) on platform 0 with type CPU or GPU or Accelerator
2020-05-25 19:01:57-0700: Found OpenCL Platform 1: Clover (Mesa) (OpenCL 1.1 Mesa 20.0.6)
2020-05-25 19:01:57-0700: Found 0 device(s) on platform 1 with type CPU or GPU or Accelerator, skipping
2020-05-25 19:01:57-0700: Found OpenCL Device 0: GeForce GTX 1050 Ti (NVIDIA Corporation) (score 11000102)
2020-05-25 19:01:57-0700: Using OpenCL Device 0: GeForce GTX 1050 Ti (NVIDIA Corporation) OpenCL 1.2 CUDA
2020-05-25 19:01:57-0700: Loaded tuning parameters from: /home/austen/.katago/opencltuning/tune6_gpuGeForceGTX1050Ti_x19_y19_c256_mv8.txt
2020-05-25 19:01:57-0700: Loaded config ../analysis.config
2020-05-25 19:01:57-0700: Loaded model /home/austen/Programs/katago-opencl/g170e-b20c256x2-s3761649408-d809581368.bin.gz
2020-05-25 19:01:57-0700: OpenCL backend: Model version 8
2020-05-25 19:01:57-0700: OpenCL backend: Model name: g170-b20c256x2-s3761649408-d809581368
2020-05-25 19:01:57-0700: Analyzing up to 6 positions at at time in parallel
2020-05-25 19:01:57-0700: Started, ready to begin handling requests
2020-05-25 19:02:01-0700: /home/austen/Programs/katago-opencl/g170e-b20c256x2-s3761649408-d809581368.bin.gz
2020-05-25 19:02:01-0700: NN rows: 561
2020-05-25 19:02:01-0700: NN batches: 67
2020-05-25 19:02:01-0700: NN avg batch size: 8.37313
2020-05-25 19:02:01-0700: All cleaned up, quitting
2020-05-25 19:05:41-0700: Analysis Engine starting...
2020-05-25 19:05:41-0700: KataGo v1.4.2
2020-05-25 19:05:41-0700: nnRandSeed0 = 15131081431712666918
2020-05-25 19:05:41-0700: After dedups: nnModelFile0 = /home/austen/Programs/katago-opencl/g170e-b20c256x2-s3761649408-d809581368.bin.gz useFP16 auto useNHWC auto
2020-05-25 19:05:42-0700: Found OpenCL Platform 0: NVIDIA CUDA (NVIDIA Corporation) (OpenCL 1.2 CUDA 10.2.159)
2020-05-25 19:05:42-0700: Found 1 device(s) on platform 0 with type CPU or GPU or Accelerator
2020-05-25 19:05:42-0700: Found OpenCL Platform 1: Clover (Mesa) (OpenCL 1.1 Mesa 20.0.6)
2020-05-25 19:05:42-0700: Found 0 device(s) on platform 1 with type CPU or GPU or Accelerator, skipping
2020-05-25 19:05:42-0700: Found OpenCL Device 0: GeForce GTX 1050 Ti (NVIDIA Corporation) (score 11000102)
2020-05-25 19:05:42-0700: Using OpenCL Device 0: GeForce GTX 1050 Ti (NVIDIA Corporation) OpenCL 1.2 CUDA
2020-05-25 19:05:42-0700: Loaded tuning parameters from: /home/austen/.katago/opencltuning/tune6_gpuGeForceGTX1050Ti_x19_y19_c256_mv8.txt
2020-05-25 19:05:42-0700: Loaded config ../analysis.config
2020-05-25 19:05:42-0700: Loaded model /home/austen/Programs/katago-opencl/g170e-b20c256x2-s3761649408-d809581368.bin.gz
2020-05-25 19:05:42-0700: OpenCL backend: Model version 8
2020-05-25 19:05:42-0700: OpenCL backend: Model name: g170-b20c256x2-s3761649408-d809581368
2020-05-25 19:05:42-0700: Analyzing up to 6 positions at at time in parallel
2020-05-25 19:05:42-0700: Started, ready to begin handling requests
2020-05-25 19:05:42-0700: /home/austen/Programs/katago-opencl/g170e-b20c256x2-s3761649408-d809581368.bin.gz
2020-05-25 19:05:42-0700: NN rows: 0
2020-05-25 19:05:42-0700: NN batches: 0
2020-05-25 19:05:42-0700: NN avg batch size: -nan
2020-05-25 19:05:43-0700: All cleaned up, quitting
2020-05-25 19:23:17-0700: Analysis Engine starting...
2020-05-25 19:23:17-0700: KataGo v1.4.2
2020-05-25 19:23:17-0700: nnRandSeed0 = 18272615519720025477
2020-05-25 19:23:17-0700: After dedups: nnModelFile0 = /home/austen/Programs/katago-opencl/g170e-b20c256x2-s3761649408-d809581368.bin.gz useFP16 auto useNHWC auto
2020-05-25 19:23:18-0700: Found OpenCL Platform 0: NVIDIA CUDA (NVIDIA Corporation) (OpenCL 1.2 CUDA 10.2.159)
2020-05-25 19:23:18-0700: Found 1 device(s) on platform 0 with type CPU or GPU or Accelerator
2020-05-25 19:23:18-0700: Found OpenCL Platform 1: Clover (Mesa) (OpenCL 1.1 Mesa 20.0.6)
2020-05-25 19:23:18-0700: Found 0 device(s) on platform 1 with type CPU or GPU or Accelerator, skipping
2020-05-25 19:23:18-0700: Found OpenCL Device 0: GeForce GTX 1050 Ti (NVIDIA Corporation) (score 11000102)
2020-05-25 19:23:18-0700: Using OpenCL Device 0: GeForce GTX 1050 Ti (NVIDIA Corporation) OpenCL 1.2 CUDA
2020-05-25 19:23:18-0700: Loaded tuning parameters from: /home/austen/.katago/opencltuning/tune6_gpuGeForceGTX1050Ti_x19_y19_c256_mv8.txt
2020-05-25 19:23:18-0700: Loaded config ../analysis.config
2020-05-25 19:23:18-0700: Loaded model /home/austen/Programs/katago-opencl/g170e-b20c256x2-s3761649408-d809581368.bin.gz
2020-05-25 19:23:18-0700: OpenCL backend: Model version 8
2020-05-25 19:23:18-0700: OpenCL backend: Model name: g170-b20c256x2-s3761649408-d809581368
2020-05-25 19:23:18-0700: Analyzing up to 6 positions at at time in parallel
2020-05-25 19:23:18-0700: Started, ready to begin handling requests
2020-05-25 19:23:18-0700: /home/austen/Programs/katago-opencl/g170e-b20c256x2-s3761649408-d809581368.bin.gz
2020-05-25 19:23:18-0700: NN rows: 0
2020-05-25 19:23:18-0700: NN batches: 0
2020-05-25 19:23:18-0700: NN avg batch size: -nan
2020-05-25 19:23:19-0700: All cleaned up, quitting
2020-05-25 19:23:32-0700: Analysis Engine starting...
2020-05-25 19:23:32-0700: KataGo v1.4.2
2020-05-25 19:23:32-0700: nnRandSeed0 = 4285123537895401486
2020-05-25 19:23:32-0700: After dedups: nnModelFile0 = /home/austen/Programs/katago-opencl/g170e-b20c256x2-s3761649408-d809581368.bin.gz useFP16 auto useNHWC auto
2020-05-25 19:23:33-0700: Found OpenCL Platform 0: NVIDIA CUDA (NVIDIA Corporation) (OpenCL 1.2 CUDA 10.2.159)
2020-05-25 19:23:33-0700: Found 1 device(s) on platform 0 with type CPU or GPU or Accelerator
2020-05-25 19:23:33-0700: Found OpenCL Platform 1: Clover (Mesa) (OpenCL 1.1 Mesa 20.0.6)
2020-05-25 19:23:33-0700: Found 0 device(s) on platform 1 with type CPU or GPU or Accelerator, skipping
2020-05-25 19:23:33-0700: Found OpenCL Device 0: GeForce GTX 1050 Ti (NVIDIA Corporation) (score 11000102)
2020-05-25 19:23:33-0700: Using OpenCL Device 0: GeForce GTX 1050 Ti (NVIDIA Corporation) OpenCL 1.2 CUDA
2020-05-25 19:23:33-0700: Loaded tuning parameters from: /home/austen/.katago/opencltuning/tune6_gpuGeForceGTX1050Ti_x19_y19_c256_mv8.txt
2020-05-25 19:23:33-0700: Loaded config ../analysis.config
2020-05-25 19:23:33-0700: Loaded model /home/austen/Programs/katago-opencl/g170e-b20c256x2-s3761649408-d809581368.bin.gz
2020-05-25 19:23:33-0700: OpenCL backend: Model version 8
2020-05-25 19:23:33-0700: OpenCL backend: Model name: g170-b20c256x2-s3761649408-d809581368
2020-05-25 19:23:33-0700: Analyzing up to 6 positions at at time in parallel
2020-05-25 19:23:33-0700: Started, ready to begin handling requests
2020-05-25 19:23:36-0700: /home/austen/Programs/katago-opencl/g170e-b20c256x2-s3761649408-d809581368.bin.gz
2020-05-25 19:23:36-0700: NN rows: 479
2020-05-25 19:23:36-0700: NN batches: 48
2020-05-25 19:23:36-0700: NN avg batch size: 9.97917
2020-05-25 19:23:36-0700: All cleaned up, quitting
2020-05-25 19:24:41-0700: Analysis Engine starting...
2020-05-25 19:24:41-0700: KataGo v1.4.2
2020-05-25 19:24:41-0700: nnRandSeed0 = 13795817387516695649
2020-05-25 19:24:41-0700: After dedups: nnModelFile0 = /home/austen/Programs/katago-opencl/g170e-b20c256x2-s3761649408-d809581368.bin.gz useFP16 auto useNHWC auto
2020-05-25 19:24:42-0700: Found OpenCL Platform 0: NVIDIA CUDA (NVIDIA Corporation) (OpenCL 1.2 CUDA 10.2.159)
2020-05-25 19:24:42-0700: Found 1 device(s) on platform 0 with type CPU or GPU or Accelerator
2020-05-25 19:24:42-0700: Found OpenCL Platform 1: Clover (Mesa) (OpenCL 1.1 Mesa 20.0.6)
2020-05-25 19:24:42-0700: Found 0 device(s) on platform 1 with type CPU or GPU or Accelerator, skipping
2020-05-25 19:24:42-0700: Found OpenCL Device 0: GeForce GTX 1050 Ti (NVIDIA Corporation) (score 11000102)
2020-05-25 19:24:42-0700: Using OpenCL Device 0: GeForce GTX 1050 Ti (NVIDIA Corporation) OpenCL 1.2 CUDA
2020-05-25 19:24:42-0700: Loaded tuning parameters from: /home/austen/.katago/opencltuning/tune6_gpuGeForceGTX1050Ti_x19_y19_c256_mv8.txt
2020-05-25 19:24:42-0700: Loaded config ../analysis.config
2020-05-25 19:24:42-0700: Loaded model /home/austen/Programs/katago-opencl/g170e-b20c256x2-s3761649408-d809581368.bin.gz
2020-05-25 19:24:42-0700: OpenCL backend: Model version 8
2020-05-25 19:24:42-0700: OpenCL backend: Model name: g170-b20c256x2-s3761649408-d809581368
2020-05-25 19:24:42-0700: Analyzing up to 6 positions at at time in parallel
2020-05-25 19:24:42-0700: Started, ready to begin handling requests
2020-05-25 19:24:46-0700: /home/austen/Programs/katago-opencl/g170e-b20c256x2-s3761649408-d809581368.bin.gz
2020-05-25 19:24:46-0700: NN rows: 544
2020-05-25 19:24:46-0700: NN batches: 60
2020-05-25 19:24:46-0700: NN avg batch size: 9.06667
2020-05-25 19:24:46-0700: All cleaned up, quitting
2020-05-25 19:26:53-0700: Analysis Engine starting...
2020-05-25 19:26:53-0700: KataGo v1.4.2
2020-05-25 19:26:53-0700: nnRandSeed0 = 4840918172841393024
2020-05-25 19:26:53-0700: After dedups: nnModelFile0 = /home/austen/Programs/katago-opencl/g170e-b20c256x2-s3761649408-d809581368.bin.gz useFP16 auto useNHWC auto
2020-05-25 19:26:54-0700: Found OpenCL Platform 0: NVIDIA CUDA (NVIDIA Corporation) (OpenCL 1.2 CUDA 10.2.159)
2020-05-25 19:26:54-0700: Found 1 device(s) on platform 0 with type CPU or GPU or Accelerator
2020-05-25 19:26:54-0700: Found OpenCL Platform 1: Clover (Mesa) (OpenCL 1.1 Mesa 20.0.6)
2020-05-25 19:26:54-0700: Found 0 device(s) on platform 1 with type CPU or GPU or Accelerator, skipping
2020-05-25 19:26:54-0700: Found OpenCL Device 0: GeForce GTX 1050 Ti (NVIDIA Corporation) (score 11000102)
2020-05-25 19:26:54-0700: Using OpenCL Device 0: GeForce GTX 1050 Ti (NVIDIA Corporation) OpenCL 1.2 CUDA
2020-05-25 19:26:54-0700: Loaded tuning parameters from: /home/austen/.katago/opencltuning/tune6_gpuGeForceGTX1050Ti_x19_y19_c256_mv8.txt
2020-05-25 19:26:54-0700: Loaded config ../analysis.config
2020-05-25 19:26:54-0700: Loaded model /home/austen/Programs/katago-opencl/g170e-b20c256x2-s3761649408-d809581368.bin.gz
2020-05-25 19:26:54-0700: OpenCL backend: Model version 8
2020-05-25 19:26:54-0700: OpenCL backend: Model name: g170-b20c256x2-s3761649408-d809581368
2020-05-25 19:26:54-0700: Analyzing up to 6 positions at at time in parallel
2020-05-25 19:26:54-0700: Started, ready to begin handling requests
2020-05-25 19:26:58-0700: /home/austen/Programs/katago-opencl/g170e-b20c256x2-s3761649408-d809581368.bin.gz
2020-05-25 19:26:58-0700: NN rows: 537
2020-05-25 19:26:58-0700: NN batches: 64
2020-05-25 19:26:58-0700: NN avg batch size: 8.39062
2020-05-25 19:26:58-0700: All cleaned up, quitting
2020-05-25 19:37:31-0700: Analysis Engine starting...
2020-05-25 19:37:31-0700: KataGo v1.4.2
2020-05-25 19:37:31-0700: nnRandSeed0 = 2932499453423857327
2020-05-25 19:37:31-0700: After dedups: nnModelFile0 = /home/austen/Programs/katago-opencl/g170e-b20c256x2-s3761649408-d809581368.bin.gz useFP16 auto useNHWC auto
2020-05-25 19:37:31-0700: Found OpenCL Platform 0: NVIDIA CUDA (NVIDIA Corporation) (OpenCL 1.2 CUDA 10.2.159)
2020-05-25 19:37:31-0700: Found 1 device(s) on platform 0 with type CPU or GPU or Accelerator
2020-05-25 19:37:31-0700: Found OpenCL Platform 1: Clover (Mesa) (OpenCL 1.1 Mesa 20.0.6)
2020-05-25 19:37:31-0700: Found 0 device(s) on platform 1 with type CPU or GPU or Accelerator, skipping
2020-05-25 19:37:31-0700: Found OpenCL Device 0: GeForce GTX 1050 Ti (NVIDIA Corporation) (score 11000102)
2020-05-25 19:37:31-0700: Using OpenCL Device 0: GeForce GTX 1050 Ti (NVIDIA Corporation) OpenCL 1.2 CUDA
2020-05-25 19:37:31-0700: Loaded tuning parameters from: /home/austen/.katago/opencltuning/tune6_gpuGeForceGTX1050Ti_x19_y19_c256_mv8.txt
2020-05-25 19:37:31-0700: Loaded config ../analysis.config
2020-05-25 19:37:31-0700: Loaded model /home/austen/Programs/katago-opencl/g170e-b20c256x2-s3761649408-d809581368.bin.gz
2020-05-25 19:37:31-0700: OpenCL backend: Model version 8
2020-05-25 19:37:31-0700: OpenCL backend: Model name: g170-b20c256x2-s3761649408-d809581368
2020-05-25 19:37:31-0700: Analyzing up to 6 positions at at time in parallel
2020-05-25 19:37:31-0700: Started, ready to begin handling requests
2020-05-25 19:37:35-0700: /home/austen/Programs/katago-opencl/g170e-b20c256x2-s3761649408-d809581368.bin.gz
2020-05-25 19:37:35-0700: NN rows: 499
2020-05-25 19:37:35-0700: NN batches: 60
2020-05-25 19:37:35-0700: NN avg batch size: 8.31667
2020-05-25 19:37:35-0700: All cleaned up, quitting
2020-05-25 19:39:05-0700: Analysis Engine starting...
2020-05-25 19:39:05-0700: KataGo v1.4.2
2020-05-25 19:39:05-0700: nnRandSeed0 = 9482604845598235620
2020-05-25 19:39:05-0700: After dedups: nnModelFile0 = /home/austen/Programs/katago-opencl/g170e-b20c256x2-s3761649408-d809581368.bin.gz useFP16 auto useNHWC auto
2020-05-25 19:39:06-0700: Found OpenCL Platform 0: NVIDIA CUDA (NVIDIA Corporation) (OpenCL 1.2 CUDA 10.2.159)
2020-05-25 19:39:06-0700: Found 1 device(s) on platform 0 with type CPU or GPU or Accelerator
2020-05-25 19:39:06-0700: Found OpenCL Platform 1: Clover (Mesa) (OpenCL 1.1 Mesa 20.0.6)
2020-05-25 19:39:06-0700: Found 0 device(s) on platform 1 with type CPU or GPU or Accelerator, skipping
2020-05-25 19:39:06-0700: Found OpenCL Device 0: GeForce GTX 1050 Ti (NVIDIA Corporation) (score 11000102)
2020-05-25 19:39:06-0700: Using OpenCL Device 0: GeForce GTX 1050 Ti (NVIDIA Corporation) OpenCL 1.2 CUDA
2020-05-25 19:39:06-0700: Loaded tuning parameters from: /home/austen/.katago/opencltuning/tune6_gpuGeForceGTX1050Ti_x19_y19_c256_mv8.txt
2020-05-25 19:39:06-0700: Loaded config ../analysis.config
2020-05-25 19:39:06-0700: Loaded model /home/austen/Programs/katago-opencl/g170e-b20c256x2-s3761649408-d809581368.bin.gz
2020-05-25 19:39:06-0700: OpenCL backend: Model version 8
2020-05-25 19:39:06-0700: OpenCL backend: Model name: g170-b20c256x2-s3761649408-d809581368
2020-05-25 19:39:06-0700: Analyzing up to 6 positions at at time in parallel
2020-05-25 19:39:06-0700: Started, ready to begin handling requests
2020-05-25 19:39:09-0700: /home/austen/Programs/katago-opencl/g170e-b20c256x2-s3761649408-d809581368.bin.gz
2020-05-25 19:39:09-0700: NN rows: 528
2020-05-25 19:39:09-0700: NN batches: 65
2020-05-25 19:39:09-0700: NN avg batch size: 8.12308
2020-05-25 19:39:10-0700: All cleaned up, quitting
2020-05-25 19:48:11-0700: Analysis Engine starting...
2020-05-25 19:48:11-0700: KataGo v1.4.2
2020-05-25 19:48:11-0700: nnRandSeed0 = 16399318947289177569
2020-05-25 19:48:11-0700: After dedups: nnModelFile0 = /home/austen/Programs/katago-opencl/g170e-b20c256x2-s3761649408-d809581368.bin.gz useFP16 auto useNHWC auto
2020-05-25 19:48:12-0700: Found OpenCL Platform 0: NVIDIA CUDA (NVIDIA Corporation) (OpenCL 1.2 CUDA 10.2.159)
2020-05-25 19:48:12-0700: Found 1 device(s) on platform 0 with type CPU or GPU or Accelerator
2020-05-25 19:48:12-0700: Found OpenCL Platform 1: Clover (Mesa) (OpenCL 1.1 Mesa 20.0.6)
2020-05-25 19:48:12-0700: Found 0 device(s) on platform 1 with type CPU or GPU or Accelerator, skipping
2020-05-25 19:48:12-0700: Found OpenCL Device 0: GeForce GTX 1050 Ti (NVIDIA Corporation) (score 11000102)
2020-05-25 19:48:12-0700: Using OpenCL Device 0: GeForce GTX 1050 Ti (NVIDIA Corporation) OpenCL 1.2 CUDA
2020-05-25 19:48:12-0700: Loaded tuning parameters from: /home/austen/.katago/opencltuning/tune6_gpuGeForceGTX1050Ti_x19_y19_c256_mv8.txt
2020-05-25 19:48:12-0700: Loaded config ../analysis.config
2020-05-25 19:48:12-0700: Loaded model /home/austen/Programs/katago-opencl/g170e-b20c256x2-s3761649408-d809581368.bin.gz
2020-05-25 19:48:12-0700: OpenCL backend: Model version 8
2020-05-25 19:48:12-0700: OpenCL backend: Model name: g170-b20c256x2-s3761649408-d809581368
2020-05-25 19:48:12-0700: Analyzing up to 6 positions at at time in parallel
2020-05-25 19:48:12-0700: Started, ready to begin handling requests
2020-05-25 19:48:12-0700: /home/austen/Programs/katago-opencl/g170e-b20c256x2-s3761649408-d809581368.bin.gz
2020-05-25 19:48:12-0700: NN rows: 0
2020-05-25 19:48:12-0700: NN batches: 0
2020-05-25 19:48:12-0700: NN avg batch size: -nan
2020-05-25 19:48:13-0700: All cleaned up, quitting
2020-05-25 19:48:26-0700: Analysis Engine starting...
2020-05-25 19:48:26-0700: KataGo v1.4.2
2020-05-25 19:48:26-0700: nnRandSeed0 = 13022686759910211155
2020-05-25 19:48:26-0700: After dedups: nnModelFile0 = /home/austen/Programs/katago-opencl/g170e-b20c256x2-s3761649408-d809581368.bin.gz useFP16 auto useNHWC auto
2020-05-25 19:48:27-0700: Found OpenCL Platform 0: NVIDIA CUDA (NVIDIA Corporation) (OpenCL 1.2 CUDA 10.2.159)
2020-05-25 19:48:27-0700: Found 1 device(s) on platform 0 with type CPU or GPU or Accelerator
2020-05-25 19:48:27-0700: Found OpenCL Platform 1: Clover (Mesa) (OpenCL 1.1 Mesa 20.0.6)
2020-05-25 19:48:27-0700: Found 0 device(s) on platform 1 with type CPU or GPU or Accelerator, skipping
2020-05-25 19:48:27-0700: Found OpenCL Device 0: GeForce GTX 1050 Ti (NVIDIA Corporation) (score 11000102)
2020-05-25 19:48:27-0700: Using OpenCL Device 0: GeForce GTX 1050 Ti (NVIDIA Corporation) OpenCL 1.2 CUDA
2020-05-25 19:48:27-0700: Loaded tuning parameters from: /home/austen/.katago/opencltuning/tune6_gpuGeForceGTX1050Ti_x19_y19_c256_mv8.txt
2020-05-25 19:48:27-0700: Loaded config ../analysis.config
2020-05-25 19:48:27-0700: Loaded model /home/austen/Programs/katago-opencl/g170e-b20c256x2-s3761649408-d809581368.bin.gz
2020-05-25 19:48:27-0700: OpenCL backend: Model version 8
2020-05-25 19:48:27-0700: OpenCL backend: Model name: g170-b20c256x2-s3761649408-d809581368
2020-05-25 19:48:27-0700: Analyzing up to 6 positions at at time in parallel
2020-05-25 19:48:27-0700: Started, ready to begin handling requests
2020-05-25 19:48:27-0700: /home/austen/Programs/katago-opencl/g170e-b20c256x2-s3761649408-d809581368.bin.gz
2020-05-25 19:48:27-0700: NN rows: 0
2020-05-25 19:48:27-0700: NN batches: 0
2020-05-25 19:48:27-0700: NN avg batch size: -nan
2020-05-25 19:48:28-0700: All cleaned up, quitting
2020-05-25 19:50:09-0700: Analysis Engine starting...
2020-05-25 19:50:09-0700: KataGo v1.4.2
2020-05-25 19:50:09-0700: nnRandSeed0 = 5118405243946420138
2020-05-25 19:50:09-0700: After dedups: nnModelFile0 = /home/austen/Programs/katago-opencl/g170e-b20c256x2-s3761649408-d809581368.bin.gz useFP16 auto useNHWC auto
2020-05-25 19:50:09-0700: Found OpenCL Platform 0: NVIDIA CUDA (NVIDIA Corporation) (OpenCL 1.2 CUDA 10.2.159)
2020-05-25 19:50:09-0700: Found 1 device(s) on platform 0 with type CPU or GPU or Accelerator
2020-05-25 19:50:09-0700: Found OpenCL Platform 1: Clover (Mesa) (OpenCL 1.1 Mesa 20.0.6)
2020-05-25 19:50:09-0700: Found 0 device(s) on platform 1 with type CPU or GPU or Accelerator, skipping
2020-05-25 19:50:09-0700: Found OpenCL Device 0: GeForce GTX 1050 Ti (NVIDIA Corporation) (score 11000102)
2020-05-25 19:50:09-0700: Using OpenCL Device 0: GeForce GTX 1050 Ti (NVIDIA Corporation) OpenCL 1.2 CUDA
2020-05-25 19:50:09-0700: Loaded tuning parameters from: /home/austen/.katago/opencltuning/tune6_gpuGeForceGTX1050Ti_x19_y19_c256_mv8.txt
2020-05-25 19:50:09-0700: Loaded config ../analysis.config
2020-05-25 19:50:09-0700: Loaded model /home/austen/Programs/katago-opencl/g170e-b20c256x2-s3761649408-d809581368.bin.gz
2020-05-25 19:50:09-0700: OpenCL backend: Model version 8
2020-05-25 19:50:09-0700: OpenCL backend: Model name: g170-b20c256x2-s3761649408-d809581368
2020-05-25 19:50:09-0700: Analyzing up to 6 positions at at time in parallel
2020-05-25 19:50:09-0700: Started, ready to begin handling requests
2020-05-25 19:50:13-0700: /home/austen/Programs/katago-opencl/g170e-b20c256x2-s3761649408-d809581368.bin.gz
2020-05-25 19:50:13-0700: NN rows: 511
2020-05-25 19:50:13-0700: NN batches: 65
2020-05-25 19:50:13-0700: NN avg batch size: 7.86154
2020-05-25 19:50:13-0700: All cleaned up, quitting
2020-05-25 19:52:24-0700: Analysis Engine starting...
2020-05-25 19:52:24-0700: KataGo v1.4.2
2020-05-25 19:52:24-0700: nnRandSeed0 = 5126671381035524312
2020-05-25 19:52:24-0700: After dedups: nnModelFile0 = /home/austen/Programs/katago-opencl/g170e-b20c256x2-s3761649408-d809581368.bin.gz useFP16 auto useNHWC auto
2020-05-25 19:52:25-0700: Found OpenCL Platform 0: NVIDIA CUDA (NVIDIA Corporation) (OpenCL 1.2 CUDA 10.2.159)
2020-05-25 19:52:25-0700: Found 1 device(s) on platform 0 with type CPU or GPU or Accelerator
2020-05-25 19:52:25-0700: Found OpenCL Platform 1: Clover (Mesa) (OpenCL 1.1 Mesa 20.0.6)
2020-05-25 19:52:25-0700: Found 0 device(s) on platform 1 with type CPU or GPU or Accelerator, skipping
2020-05-25 19:52:25-0700: Found OpenCL Device 0: GeForce GTX 1050 Ti (NVIDIA Corporation) (score 11000102)
2020-05-25 19:52:25-0700: Using OpenCL Device 0: GeForce GTX 1050 Ti (NVIDIA Corporation) OpenCL 1.2 CUDA
2020-05-25 19:52:25-0700: Loaded tuning parameters from: /home/austen/.katago/opencltuning/tune6_gpuGeForceGTX1050Ti_x19_y19_c256_mv8.txt
2020-05-25 19:52:25-0700: Loaded config ../analysis.config
2020-05-25 19:52:25-0700: Loaded model /home/austen/Programs/katago-opencl/g170e-b20c256x2-s3761649408-d809581368.bin.gz
2020-05-25 19:52:25-0700: OpenCL backend: Model version 8
2020-05-25 19:52:25-0700: OpenCL backend: Model name: g170-b20c256x2-s3761649408-d809581368
2020-05-25 19:52:25-0700: Analyzing up to 6 positions at at time in parallel
2020-05-25 19:52:25-0700: Started, ready to begin handling requests
2020-05-25 19:52:29-0700: /home/austen/Programs/katago-opencl/g170e-b20c256x2-s3761649408-d809581368.bin.gz
2020-05-25 19:52:29-0700: NN rows: 512
2020-05-25 19:52:29-0700: NN batches: 61
2020-05-25 19:52:29-0700: NN avg batch size: 8.39344
2020-05-25 19:52:29-0700: All cleaned up, quitting
2020-05-25 19:54:32-0700: Analysis Engine starting...
2020-05-25 19:54:32-0700: KataGo v1.4.2
2020-05-25 19:54:32-0700: nnRandSeed0 = 11979881882954084539
2020-05-25 19:54:32-0700: After dedups: nnModelFile0 = /home/austen/Programs/katago-opencl/g170e-b20c256x2-s3761649408-d809581368.bin.gz useFP16 auto useNHWC auto
2020-05-25 19:54:33-0700: Found OpenCL Platform 0: NVIDIA CUDA (NVIDIA Corporation) (OpenCL 1.2 CUDA 10.2.159)
2020-05-25 19:54:33-0700: Found 1 device(s) on platform 0 with type CPU or GPU or Accelerator
2020-05-25 19:54:33-0700: Found OpenCL Platform 1: Clover (Mesa) (OpenCL 1.1 Mesa 20.0.6)
2020-05-25 19:54:33-0700: Found 0 device(s) on platform 1 with type CPU or GPU or Accelerator, skipping
2020-05-25 19:54:33-0700: Found OpenCL Device 0: GeForce GTX 1050 Ti (NVIDIA Corporation) (score 11000102)
2020-05-25 19:54:33-0700: Using OpenCL Device 0: GeForce GTX 1050 Ti (NVIDIA Corporation) OpenCL 1.2 CUDA
2020-05-25 19:54:33-0700: Loaded tuning parameters from: /home/austen/.katago/opencltuning/tune6_gpuGeForceGTX1050Ti_x19_y19_c256_mv8.txt
2020-05-25 19:54:33-0700: Loaded config ../analysis.config
2020-05-25 19:54:33-0700: Loaded model /home/austen/Programs/katago-opencl/g170e-b20c256x2-s3761649408-d809581368.bin.gz
2020-05-25 19:54:33-0700: OpenCL backend: Model version 8
2020-05-25 19:54:33-0700: OpenCL backend: Model name: g170-b20c256x2-s3761649408-d809581368
2020-05-25 19:54:33-0700: Analyzing up to 6 positions at at time in parallel
2020-05-25 19:54:33-0700: Started, ready to begin handling requests
2020-05-25 19:54:36-0700: /home/austen/Programs/katago-opencl/g170e-b20c256x2-s3761649408-d809581368.bin.gz
2020-05-25 19:54:36-0700: NN rows: 480
2020-05-25 19:54:36-0700: NN batches: 55
2020-05-25 19:54:36-0700: NN avg batch size: 8.72727
2020-05-25 19:54:36-0700: All cleaned up, quitting
2020-05-25 20:05:12-0700: Analysis Engine starting...
2020-05-25 20:05:12-0700: KataGo v1.4.2
2020-05-25 20:05:12-0700: nnRandSeed0 = 821443147478058052
2020-05-25 20:05:12-0700: After dedups: nnModelFile0 = /home/austen/Programs/katago-opencl/g170e-b20c256x2-s3761649408-d809581368.bin.gz useFP16 auto useNHWC auto
2020-05-25 20:05:13-0700: Found OpenCL Platform 0: NVIDIA CUDA (NVIDIA Corporation) (OpenCL 1.2 CUDA 10.2.159)
2020-05-25 20:05:13-0700: Found 1 device(s) on platform 0 with type CPU or GPU or Accelerator
2020-05-25 20:05:13-0700: Found OpenCL Platform 1: Clover (Mesa) (OpenCL 1.1 Mesa 20.0.6)
2020-05-25 20:05:13-0700: Found 0 device(s) on platform 1 with type CPU or GPU or Accelerator, skipping
2020-05-25 20:05:13-0700: Found OpenCL Device 0: GeForce GTX 1050 Ti (NVIDIA Corporation) (score 11000102)
2020-05-25 20:05:13-0700: Using OpenCL Device 0: GeForce GTX 1050 Ti (NVIDIA Corporation) OpenCL 1.2 CUDA
2020-05-25 20:05:13-0700: Loaded tuning parameters from: /home/austen/.katago/opencltuning/tune6_gpuGeForceGTX1050Ti_x19_y19_c256_mv8.txt
2020-05-25 20:05:13-0700: Loaded config ../analysis.config
2020-05-25 20:05:13-0700: Loaded model /home/austen/Programs/katago-opencl/g170e-b20c256x2-s3761649408-d809581368.bin.gz
2020-05-25 20:05:13-0700: OpenCL backend: Model version 8
2020-05-25 20:05:13-0700: OpenCL backend: Model name: g170-b20c256x2-s3761649408-d809581368
2020-05-25 20:05:13-0700: Analyzing up to 6 positions at at time in parallel
2020-05-25 20:05:13-0700: Started, ready to begin handling requests
2020-05-25 20:05:17-0700: /home/austen/Programs/katago-opencl/g170e-b20c256x2-s3761649408-d809581368.bin.gz
2020-05-25 20:05:17-0700: NN rows: 546
2020-05-25 20:05:17-0700: NN batches: 65
2020-05-25 20:05:17-0700: NN avg batch size: 8.4
2020-05-25 20:05:17-0700: All cleaned up, quitting
2020-05-25 20:06:51-0700: Analysis Engine starting...
2020-05-25 20:06:51-0700: KataGo v1.4.2
2020-05-25 20:06:51-0700: nnRandSeed0 = 84480744920676572
2020-05-25 20:06:51-0700: After dedups: nnModelFile0 = /home/austen/Programs/katago-opencl/g170e-b20c256x2-s3761649408-d809581368.bin.gz useFP16 auto useNHWC auto
2020-05-25 20:06:52-0700: Found OpenCL Platform 0: NVIDIA CUDA (NVIDIA Corporation) (OpenCL 1.2 CUDA 10.2.159)
2020-05-25 20:06:52-0700: Found 1 device(s) on platform 0 with type CPU or GPU or Accelerator
2020-05-25 20:06:52-0700: Found OpenCL Platform 1: Clover (Mesa) (OpenCL 1.1 Mesa 20.0.6)
2020-05-25 20:06:52-0700: Found 0 device(s) on platform 1 with type CPU or GPU or Accelerator, skipping
2020-05-25 20:06:52-0700: Found OpenCL Device 0: GeForce GTX 1050 Ti (NVIDIA Corporation) (score 11000102)
2020-05-25 20:06:52-0700: Using OpenCL Device 0: GeForce GTX 1050 Ti (NVIDIA Corporation) OpenCL 1.2 CUDA
2020-05-25 20:06:52-0700: Loaded tuning parameters from: /home/austen/.katago/opencltuning/tune6_gpuGeForceGTX1050Ti_x19_y19_c256_mv8.txt
2020-05-25 20:06:52-0700: Loaded config ../analysis.config
2020-05-25 20:06:52-0700: Loaded model /home/austen/Programs/katago-opencl/g170e-b20c256x2-s3761649408-d809581368.bin.gz
2020-05-25 20:06:52-0700: OpenCL backend: Model version 8
2020-05-25 20:06:52-0700: OpenCL backend: Model name: g170-b20c256x2-s3761649408-d809581368
2020-05-25 20:06:52-0700: Analyzing up to 6 positions at at time in parallel
2020-05-25 20:06:52-0700: Started, ready to begin handling requests
2020-05-25 20:06:55-0700: /home/austen/Programs/katago-opencl/g170e-b20c256x2-s3761649408-d809581368.bin.gz
2020-05-25 20:06:55-0700: NN rows: 296
2020-05-25 20:06:55-0700: NN batches: 68
2020-05-25 20:06:55-0700: NN avg batch size: 4.35294
2020-05-25 20:06:55-0700: All cleaned up, quitting
2020-05-25 20:07:38-0700: Analysis Engine starting...
2020-05-25 20:07:38-0700: KataGo v1.4.2
2020-05-25 20:07:38-0700: nnRandSeed0 = 4957410387258589992
2020-05-25 20:07:38-0700: After dedups: nnModelFile0 = /home/austen/Programs/katago-opencl/g170e-b20c256x2-s3761649408-d809581368.bin.gz useFP16 auto useNHWC auto
2020-05-25 20:07:39-0700: Found OpenCL Platform 0: NVIDIA CUDA (NVIDIA Corporation) (OpenCL 1.2 CUDA 10.2.159)
2020-05-25 20:07:39-0700: Found 1 device(s) on platform 0 with type CPU or GPU or Accelerator
2020-05-25 20:07:39-0700: Found OpenCL Platform 1: Clover (Mesa) (OpenCL 1.1 Mesa 20.0.6)
2020-05-25 20:07:39-0700: Found 0 device(s) on platform 1 with type CPU or GPU or Accelerator, skipping
2020-05-25 20:07:39-0700: Found OpenCL Device 0: GeForce GTX 1050 Ti (NVIDIA Corporation) (score 11000102)
2020-05-25 20:07:39-0700: Using OpenCL Device 0: GeForce GTX 1050 Ti (NVIDIA Corporation) OpenCL 1.2 CUDA
2020-05-25 20:07:39-0700: Loaded tuning parameters from: /home/austen/.katago/opencltuning/tune6_gpuGeForceGTX1050Ti_x19_y19_c256_mv8.txt
2020-05-25 20:07:39-0700: Loaded config ../analysis.config
2020-05-25 20:07:39-0700: Loaded model /home/austen/Programs/katago-opencl/g170e-b20c256x2-s3761649408-d809581368.bin.gz
2020-05-25 20:07:39-0700: OpenCL backend: Model version 8
2020-05-25 20:07:39-0700: OpenCL backend: Model name: g170-b20c256x2-s3761649408-d809581368
2020-05-25 20:07:39-0700: Analyzing up to 6 positions at at time in parallel
2020-05-25 20:07:39-0700: Started, ready to begin handling requests
2020-05-25 20:07:43-0700: /home/austen/Programs/katago-opencl/g170e-b20c256x2-s3761649408-d809581368.bin.gz
2020-05-25 20:07:43-0700: NN rows: 532
2020-05-25 20:07:43-0700: NN batches: 65
2020-05-25 20:07:43-0700: NN avg batch size: 8.18462
2020-05-25 20:07:43-0700: All cleaned up, quitting
2020-05-25 20:09:13-0700: Analysis Engine starting...
2020-05-25 20:09:13-0700: KataGo v1.4.2
2020-05-25 20:09:13-0700: nnRandSeed0 = 14306152406643662326
2020-05-25 20:09:13-0700: After dedups: nnModelFile0 = /home/austen/Programs/katago-opencl/g170e-b20c256x2-s3761649408-d809581368.bin.gz useFP16 auto useNHWC auto
2020-05-25 20:09:14-0700: Found OpenCL Platform 0: NVIDIA CUDA (NVIDIA Corporation) (OpenCL 1.2 CUDA 10.2.159)
2020-05-25 20:09:14-0700: Found 1 device(s) on platform 0 with type CPU or GPU or Accelerator
2020-05-25 20:09:14-0700: Found OpenCL Platform 1: Clover (Mesa) (OpenCL 1.1 Mesa 20.0.6)
2020-05-25 20:09:14-0700: Found 0 device(s) on platform 1 with type CPU or GPU or Accelerator, skipping
2020-05-25 20:09:14-0700: Found OpenCL Device 0: GeForce GTX 1050 Ti (NVIDIA Corporation) (score 11000102)
2020-05-25 20:09:14-0700: Using OpenCL Device 0: GeForce GTX 1050 Ti (NVIDIA Corporation) OpenCL 1.2 CUDA
2020-05-25 20:09:14-0700: Loaded tuning parameters from: /home/austen/.katago/opencltuning/tune6_gpuGeForceGTX1050Ti_x19_y19_c256_mv8.txt
2020-05-25 20:09:14-0700: Loaded config ../analysis.config
2020-05-25 20:09:14-0700: Loaded model /home/austen/Programs/katago-opencl/g170e-b20c256x2-s3761649408-d809581368.bin.gz
2020-05-25 20:09:14-0700: OpenCL backend: Model version 8
2020-05-25 20:09:14-0700: OpenCL backend: Model name: g170-b20c256x2-s3761649408-d809581368
2020-05-25 20:09:14-0700: Analyzing up to 6 positions at at time in parallel
2020-05-25 20:09:14-0700: Started, ready to begin handling requests
2020-05-25 20:09:14-0700: /home/austen/Programs/katago-opencl/g170e-b20c256x2-s3761649408-d809581368.bin.gz
2020-05-25 20:09:14-0700: NN rows: 0
2020-05-25 20:09:14-0700: NN batches: 0
2020-05-25 20:09:14-0700: NN avg batch size: -nan
2020-05-25 20:09:15-0700: All cleaned up, quitting
2020-05-25 20:11:28-0700: Analysis Engine starting...
2020-05-25 20:11:28-0700: KataGo v1.4.2
2020-05-25 20:11:28-0700: nnRandSeed0 = 14367084269855613064
2020-05-25 20:11:28-0700: After dedups: nnModelFile0 = /home/austen/Programs/katago-opencl/g170e-b20c256x2-s3761649408-d809581368.bin.gz useFP16 auto useNHWC auto
2020-05-25 20:11:29-0700: Found OpenCL Platform 0: NVIDIA CUDA (NVIDIA Corporation) (OpenCL 1.2 CUDA 10.2.159)
2020-05-25 20:11:29-0700: Found 1 device(s) on platform 0 with type CPU or GPU or Accelerator
2020-05-25 20:11:29-0700: Found OpenCL Platform 1: Clover (Mesa) (OpenCL 1.1 Mesa 20.0.6)
2020-05-25 20:11:29-0700: Found 0 device(s) on platform 1 with type CPU or GPU or Accelerator, skipping
2020-05-25 20:11:29-0700: Found OpenCL Device 0: GeForce GTX 1050 Ti (NVIDIA Corporation) (score 11000102)
2020-05-25 20:11:29-0700: Using OpenCL Device 0: GeForce GTX 1050 Ti (NVIDIA Corporation) OpenCL 1.2 CUDA
2020-05-25 20:11:29-0700: Loaded tuning parameters from: /home/austen/.katago/opencltuning/tune6_gpuGeForceGTX1050Ti_x19_y19_c256_mv8.txt
2020-05-25 20:11:29-0700: Loaded config ../analysis.config
2020-05-25 20:11:29-0700: Loaded model /home/austen/Programs/katago-opencl/g170e-b20c256x2-s3761649408-d809581368.bin.gz
2020-05-25 20:11:29-0700: OpenCL backend: Model version 8
2020-05-25 20:11:29-0700: OpenCL backend: Model name: g170-b20c256x2-s3761649408-d809581368
2020-05-25 20:11:29-0700: Analyzing up to 6 positions at at time in parallel
2020-05-25 20:11:29-0700: Started, ready to begin handling requests
2020-05-25 20:11:32-0700: /home/austen/Programs/katago-opencl/g170e-b20c256x2-s3761649408-d809581368.bin.gz
2020-05-25 20:11:32-0700: NN rows: 294
2020-05-25 20:11:32-0700: NN batches: 69
2020-05-25 20:11:32-0700: NN avg batch size: 4.26087
2020-05-25 20:11:32-0700: All cleaned up, quitting
2020-05-25 20:14:53-0700: Analysis Engine starting...
2020-05-25 20:14:53-0700: KataGo v1.4.2
2020-05-25 20:14:53-0700: nnRandSeed0 = 17012392754420028639
2020-05-25 20:14:53-0700: After dedups: nnModelFile0 = /home/austen/Programs/katago-opencl/g170e-b20c256x2-s3761649408-d809581368.bin.gz useFP16 auto useNHWC auto
2020-05-25 20:14:54-0700: Found OpenCL Platform 0: NVIDIA CUDA (NVIDIA Corporation) (OpenCL 1.2 CUDA 10.2.159)
2020-05-25 20:14:54-0700: Found 1 device(s) on platform 0 with type CPU or GPU or Accelerator
2020-05-25 20:14:54-0700: Found OpenCL Platform 1: Clover (Mesa) (OpenCL 1.1 Mesa 20.0.6)
2020-05-25 20:14:54-0700: Found 0 device(s) on platform 1 with type CPU or GPU or Accelerator, skipping
2020-05-25 20:14:54-0700: Found OpenCL Device 0: GeForce GTX 1050 Ti (NVIDIA Corporation) (score 11000102)
2020-05-25 20:14:54-0700: Using OpenCL Device 0: GeForce GTX 1050 Ti (NVIDIA Corporation) OpenCL 1.2 CUDA
2020-05-25 20:14:54-0700: Loaded tuning parameters from: /home/austen/.katago/opencltuning/tune6_gpuGeForceGTX1050Ti_x19_y19_c256_mv8.txt
2020-05-25 20:14:54-0700: Loaded config ../analysis.config
2020-05-25 20:14:54-0700: Loaded model /home/austen/Programs/katago-opencl/g170e-b20c256x2-s3761649408-d809581368.bin.gz
2020-05-25 20:14:54-0700: OpenCL backend: Model version 8
2020-05-25 20:14:54-0700: OpenCL backend: Model name: g170-b20c256x2-s3761649408-d809581368
2020-05-25 20:14:54-0700: Analyzing up to 6 positions at at time in parallel
2020-05-25 20:14:54-0700: Started, ready to begin handling requests
2020-05-25 20:14:57-0700: /home/austen/Programs/katago-opencl/g170e-b20c256x2-s3761649408-d809581368.bin.gz
2020-05-25 20:14:57-0700: NN rows: 299
2020-05-25 20:14:57-0700: NN batches: 69
2020-05-25 20:14:57-0700: NN avg batch size: 4.33333
2020-05-25 20:14:57-0700: All cleaned up, quitting
2020-05-25 20:16:30-0700: Analysis Engine starting...
2020-05-25 20:16:30-0700: KataGo v1.4.2
2020-05-25 20:16:30-0700: nnRandSeed0 = 14573245945571578286
2020-05-25 20:16:30-0700: After dedups: nnModelFile0 = /home/austen/Programs/katago-opencl/g170e-b20c256x2-s3761649408-d809581368.bin.gz useFP16 auto useNHWC auto
2020-05-25 20:16:31-0700: Found OpenCL Platform 0: NVIDIA CUDA (NVIDIA Corporation) (OpenCL 1.2 CUDA 10.2.159)
2020-05-25 20:16:31-0700: Found 1 device(s) on platform 0 with type CPU or GPU or Accelerator
2020-05-25 20:16:31-0700: Found OpenCL Platform 1: Clover (Mesa) (OpenCL 1.1 Mesa 20.0.6)
2020-05-25 20:16:31-0700: Found 0 device(s) on platform 1 with type CPU or GPU or Accelerator, skipping
2020-05-25 20:16:31-0700: Found OpenCL Device 0: GeForce GTX 1050 Ti (NVIDIA Corporation) (score 11000102)
2020-05-25 20:16:31-0700: Using OpenCL Device 0: GeForce GTX 1050 Ti (NVIDIA Corporation) OpenCL 1.2 CUDA
2020-05-25 20:16:31-0700: Loaded tuning parameters from: /home/austen/.katago/opencltuning/tune6_gpuGeForceGTX1050Ti_x19_y19_c256_mv8.txt
2020-05-25 20:16:31-0700: Loaded config ../analysis.config
2020-05-25 20:16:31-0700: Loaded model /home/austen/Programs/katago-opencl/g170e-b20c256x2-s3761649408-d809581368.bin.gz
2020-05-25 20:16:31-0700: OpenCL backend: Model version 8
2020-05-25 20:16:31-0700: OpenCL backend: Model name: g170-b20c256x2-s3761649408-d809581368
2020-05-25 20:16:31-0700: Analyzing up to 6 positions at at time in parallel
2020-05-25 20:16:31-0700: Started, ready to begin handling requests
2020-05-25 20:16:35-0700: /home/austen/Programs/katago-opencl/g170e-b20c256x2-s3761649408-d809581368.bin.gz
2020-05-25 20:16:35-0700: NN rows: 557
2020-05-25 20:16:35-0700: NN batches: 65
2020-05-25 20:16:35-0700: NN avg batch size: 8.56923
2020-05-25 20:16:35-0700: All cleaned up, quitting
2020-05-25 20:17:56-0700: Analysis Engine starting...
2020-05-25 20:17:56-0700: KataGo v1.4.2
2020-05-25 20:17:56-0700: nnRandSeed0 = 6518597776440577643
2020-05-25 20:17:56-0700: After dedups: nnModelFile0 = /home/austen/Programs/katago-opencl/g170e-b20c256x2-s3761649408-d809581368.bin.gz useFP16 auto useNHWC auto
2020-05-25 20:17:57-0700: Found OpenCL Platform 0: NVIDIA CUDA (NVIDIA Corporation) (OpenCL 1.2 CUDA 10.2.159)
2020-05-25 20:17:57-0700: Found 1 device(s) on platform 0 with type CPU or GPU or Accelerator
2020-05-25 20:17:57-0700: Found OpenCL Platform 1: Clover (Mesa) (OpenCL 1.1 Mesa 20.0.6)
2020-05-25 20:17:57-0700: Found 0 device(s) on platform 1 with type CPU or GPU or Accelerator, skipping
2020-05-25 20:17:57-0700: Found OpenCL Device 0: GeForce GTX 1050 Ti (NVIDIA Corporation) (score 11000102)
2020-05-25 20:17:57-0700: Using OpenCL Device 0: GeForce GTX 1050 Ti (NVIDIA Corporation) OpenCL 1.2 CUDA
2020-05-25 20:17:57-0700: Loaded tuning parameters from: /home/austen/.katago/opencltuning/tune6_gpuGeForceGTX1050Ti_x19_y19_c256_mv8.txt
2020-05-25 20:17:57-0700: Loaded config ../analysis.config
2020-05-25 20:17:57-0700: Loaded model /home/austen/Programs/katago-opencl/g170e-b20c256x2-s3761649408-d809581368.bin.gz
2020-05-25 20:17:57-0700: OpenCL backend: Model version 8
2020-05-25 20:17:57-0700: OpenCL backend: Model name: g170-b20c256x2-s3761649408-d809581368
2020-05-25 20:17:57-0700: Analyzing up to 6 positions at at time in parallel
2020-05-25 20:17:57-0700: Started, ready to begin handling requests
2020-05-25 20:18:01-0700: /home/austen/Programs/katago-opencl/g170e-b20c256x2-s3761649408-d809581368.bin.gz
2020-05-25 20:18:01-0700: NN rows: 486
2020-05-25 20:18:01-0700: NN batches: 56
2020-05-25 20:18:01-0700: NN avg batch size: 8.67857
2020-05-25 20:18:01-0700: All cleaned up, quitting
2020-05-25 20:18:24-0700: Analysis Engine starting...
2020-05-25 20:18:24-0700: KataGo v1.4.2
2020-05-25 20:18:24-0700: nnRandSeed0 = 11379657342462831918
2020-05-25 20:18:24-0700: After dedups: nnModelFile0 = /home/austen/Programs/katago-opencl/g170e-b20c256x2-s3761649408-d809581368.bin.gz useFP16 auto useNHWC auto
2020-05-25 20:18:25-0700: Found OpenCL Platform 0: NVIDIA CUDA (NVIDIA Corporation) (OpenCL 1.2 CUDA 10.2.159)
2020-05-25 20:18:25-0700: Found 1 device(s) on platform 0 with type CPU or GPU or Accelerator
2020-05-25 20:18:25-0700: Found OpenCL Platform 1: Clover (Mesa) (OpenCL 1.1 Mesa 20.0.6)
2020-05-25 20:18:25-0700: Found 0 device(s) on platform 1 with type CPU or GPU or Accelerator, skipping
2020-05-25 20:18:25-0700: Found OpenCL Device 0: GeForce GTX 1050 Ti (NVIDIA Corporation) (score 11000102)
2020-05-25 20:18:25-0700: Using OpenCL Device 0: GeForce GTX 1050 Ti (NVIDIA Corporation) OpenCL 1.2 CUDA
2020-05-25 20:18:25-0700: Loaded tuning parameters from: /home/austen/.katago/opencltuning/tune6_gpuGeForceGTX1050Ti_x19_y19_c256_mv8.txt
2020-05-25 20:18:25-0700: Loaded config ../analysis.config
2020-05-25 20:18:25-0700: Loaded model /home/austen/Programs/katago-opencl/g170e-b20c256x2-s3761649408-d809581368.bin.gz
2020-05-25 20:18:25-0700: OpenCL backend: Model version 8
2020-05-25 20:18:25-0700: OpenCL backend: Model name: g170-b20c256x2-s3761649408-d809581368
2020-05-25 20:18:25-0700: Analyzing up to 6 positions at at time in parallel
2020-05-25 20:18:25-0700: Started, ready to begin handling requests
2020-05-25 20:18:28-0700: /home/austen/Programs/katago-opencl/g170e-b20c256x2-s3761649408-d809581368.bin.gz
2020-05-25 20:18:28-0700: NN rows: 299
2020-05-25 20:18:28-0700: NN batches: 69
2020-05-25 20:18:28-0700: NN avg batch size: 4.33333
2020-05-25 20:18:28-0700: All cleaned up, quitting
2020-05-25 20:19:03-0700: Analysis Engine starting...
2020-05-25 20:19:03-0700: KataGo v1.4.2
2020-05-25 20:19:03-0700: nnRandSeed0 = 4311230719462642949
2020-05-25 20:19:03-0700: After dedups: nnModelFile0 = /home/austen/Programs/katago-opencl/g170e-b20c256x2-s3761649408-d809581368.bin.gz useFP16 auto useNHWC auto
2020-05-25 20:19:04-0700: Found OpenCL Platform 0: NVIDIA CUDA (NVIDIA Corporation) (OpenCL 1.2 CUDA 10.2.159)
2020-05-25 20:19:04-0700: Found 1 device(s) on platform 0 with type CPU or GPU or Accelerator
2020-05-25 20:19:04-0700: Found OpenCL Platform 1: Clover (Mesa) (OpenCL 1.1 Mesa 20.0.6)
2020-05-25 20:19:04-0700: Found 0 device(s) on platform 1 with type CPU or GPU or Accelerator, skipping
2020-05-25 20:19:04-0700: Found OpenCL Device 0: GeForce GTX 1050 Ti (NVIDIA Corporation) (score 11000102)
2020-05-25 20:19:04-0700: Using OpenCL Device 0: GeForce GTX 1050 Ti (NVIDIA Corporation) OpenCL 1.2 CUDA
2020-05-25 20:19:04-0700: Loaded tuning parameters from: /home/austen/.katago/opencltuning/tune6_gpuGeForceGTX1050Ti_x19_y19_c256_mv8.txt
2020-05-25 20:19:04-0700: Loaded config ../analysis.config
2020-05-25 20:19:04-0700: Loaded model /home/austen/Programs/katago-opencl/g170e-b20c256x2-s3761649408-d809581368.bin.gz
2020-05-25 20:19:04-0700: OpenCL backend: Model version 8
2020-05-25 20:19:04-0700: OpenCL backend: Model name: g170-b20c256x2-s3761649408-d809581368
2020-05-25 20:19:04-0700: Analyzing up to 6 positions at at time in parallel
2020-05-25 20:19:04-0700: Started, ready to begin handling requests
2020-05-25 20:19:07-0700: /home/austen/Programs/katago-opencl/g170e-b20c256x2-s3761649408-d809581368.bin.gz
2020-05-25 20:19:07-0700: NN rows: 293
2020-05-25 20:19:07-0700: NN batches: 69
2020-05-25 20:19:07-0700: NN avg batch size: 4.24638
2020-05-25 20:19:07-0700: All cleaned up, quitting
2020-05-25 20:20:38-0700: Analysis Engine starting...
2020-05-25 20:20:38-0700: KataGo v1.4.2
2020-05-25 20:20:38-0700: nnRandSeed0 = 3736922489587036195
2020-05-25 20:20:38-0700: After dedups: nnModelFile0 = /home/austen/Programs/katago-opencl/g170e-b20c256x2-s3761649408-d809581368.bin.gz useFP16 auto useNHWC auto
2020-05-25 20:20:39-0700: Found OpenCL Platform 0: NVIDIA CUDA (NVIDIA Corporation) (OpenCL 1.2 CUDA 10.2.159)
2020-05-25 20:20:39-0700: Found 1 device(s) on platform 0 with type CPU or GPU or Accelerator
2020-05-25 20:20:39-0700: Found OpenCL Platform 1: Clover (Mesa) (OpenCL 1.1 Mesa 20.0.6)
2020-05-25 20:20:39-0700: Found 0 device(s) on platform 1 with type CPU or GPU or Accelerator, skipping
2020-05-25 20:20:39-0700: Found OpenCL Device 0: GeForce GTX 1050 Ti (NVIDIA Corporation) (score 11000102)
2020-05-25 20:20:39-0700: Using OpenCL Device 0: GeForce GTX 1050 Ti (NVIDIA Corporation) OpenCL 1.2 CUDA
2020-05-25 20:20:39-0700: Loaded tuning parameters from: /home/austen/.katago/opencltuning/tune6_gpuGeForceGTX1050Ti_x19_y19_c256_mv8.txt
2020-05-25 20:20:39-0700: Loaded config ./analysis.config
2020-05-25 20:20:39-0700: OpenCL backend: Model version 8
2020-05-25 20:20:39-0700: OpenCL backend: Model name: g170-b20c256x2-s3761649408-d809581368
2020-05-25 20:20:39-0700: Loaded model /home/austen/Programs/katago-opencl/g170e-b20c256x2-s3761649408-d809581368.bin.gz
2020-05-25 20:20:39-0700: Analyzing up to 6 positions at at time in parallel
2020-05-25 20:20:39-0700: Started, ready to begin handling requests
2020-05-25 20:20:42-0700: /home/austen/Programs/katago-opencl/g170e-b20c256x2-s3761649408-d809581368.bin.gz
2020-05-25 20:20:42-0700: NN rows: 296
2020-05-25 20:20:42-0700: NN batches: 68
2020-05-25 20:20:42-0700: NN avg batch size: 4.35294
2020-05-25 20:20:42-0700: All cleaned up, quitting
2020-05-25 20:31:51-0700: Analysis Engine starting...
2020-05-25 20:31:51-0700: KataGo v1.4.2
2020-05-25 20:33:35-0700: Analysis Engine starting...
2020-05-25 20:33:35-0700: KataGo v1.4.2
2020-05-25 20:33:35-0700: nnRandSeed0 = 9372268977956410918
2020-05-25 20:33:35-0700: After dedups: nnModelFile0 = /home/austen/Programs/katago-opencl/g170e-b20c256x2-s3761649408-d809581368.bin.gz useFP16 auto useNHWC auto
2020-05-25 20:33:36-0700: Found OpenCL Platform 0: NVIDIA CUDA (NVIDIA Corporation) (OpenCL 1.2 CUDA 10.2.159)
2020-05-25 20:33:36-0700: Found 1 device(s) on platform 0 with type CPU or GPU or Accelerator
2020-05-25 20:33:36-0700: Found OpenCL Platform 1: Clover (Mesa) (OpenCL 1.1 Mesa 20.0.6)
2020-05-25 20:33:36-0700: Found 0 device(s) on platform 1 with type CPU or GPU or Accelerator, skipping
2020-05-25 20:33:36-0700: Found OpenCL Device 0: GeForce GTX 1050 Ti (NVIDIA Corporation) (score 11000102)
2020-05-25 20:33:36-0700: Using OpenCL Device 0: GeForce GTX 1050 Ti (NVIDIA Corporation) OpenCL 1.2 CUDA
2020-05-25 20:33:36-0700: Loaded tuning parameters from: /home/austen/.katago/opencltuning/tune6_gpuGeForceGTX1050Ti_x19_y19_c256_mv8.txt
2020-05-25 20:33:36-0700: Loaded config ./analysis.config
2020-05-25 20:33:36-0700: Loaded model /home/austen/Programs/katago-opencl/g170e-b20c256x2-s3761649408-d809581368.bin.gz
2020-05-25 20:33:36-0700: OpenCL backend: Model version 8
2020-05-25 20:33:36-0700: OpenCL backend: Model name: g170-b20c256x2-s3761649408-d809581368
2020-05-25 20:33:36-0700: Analyzing up to 6 positions at at time in parallel
2020-05-25 20:33:36-0700: Started, ready to begin handling requests
2020-05-25 20:33:51-0700: /home/austen/Programs/katago-opencl/g170e-b20c256x2-s3761649408-d809581368.bin.gz
2020-05-25 20:33:51-0700: NN rows: 2569
2020-05-25 20:33:51-0700: NN batches: 365
2020-05-25 20:33:51-0700: NN avg batch size: 7.03836
2020-05-25 20:33:51-0700: All cleaned up, quitting
2020-05-25 20:46:54-0700: Analysis Engine starting...
2020-05-25 20:46:54-0700: KataGo v1.4.2
2020-05-25 20:46:54-0700: nnRandSeed0 = 18242476169097622800
2020-05-25 20:46:54-0700: After dedups: nnModelFile0 = /home/austen/Programs/katago-opencl/g170e-b20c256x2-s3761649408-d809581368.bin.gz useFP16 auto useNHWC auto
2020-05-25 20:46:55-0700: Found OpenCL Platform 0: NVIDIA CUDA (NVIDIA Corporation) (OpenCL 1.2 CUDA 10.2.159)
2020-05-25 20:46:55-0700: Found 1 device(s) on platform 0 with type CPU or GPU or Accelerator
2020-05-25 20:46:55-0700: Found OpenCL Platform 1: Clover (Mesa) (OpenCL 1.1 Mesa 20.0.6)
2020-05-25 20:46:55-0700: Found 0 device(s) on platform 1 with type CPU or GPU or Accelerator, skipping
2020-05-25 20:46:55-0700: Found OpenCL Device 0: GeForce GTX 1050 Ti (NVIDIA Corporation) (score 11000102)
2020-05-25 20:46:55-0700: Using OpenCL Device 0: GeForce GTX 1050 Ti (NVIDIA Corporation) OpenCL 1.2 CUDA
2020-05-25 20:46:55-0700: Loaded tuning parameters from: /home/austen/.katago/opencltuning/tune6_gpuGeForceGTX1050Ti_x19_y19_c256_mv8.txt
2020-05-25 20:46:55-0700: Loaded config ./analysis.config
2020-05-25 20:46:55-0700: Loaded model /home/austen/Programs/katago-opencl/g170e-b20c256x2-s3761649408-d809581368.bin.gz
2020-05-25 20:46:55-0700: OpenCL backend: Model version 8
2020-05-25 20:46:55-0700: OpenCL backend: Model name: g170-b20c256x2-s3761649408-d809581368
2020-05-25 20:46:55-0700: Analyzing up to 6 positions at at time in parallel
2020-05-25 20:46:55-0700: Started, ready to begin handling requests
2020-05-25 20:47:11-0700: /home/austen/Programs/katago-opencl/g170e-b20c256x2-s3761649408-d809581368.bin.gz
2020-05-25 20:47:11-0700: NN rows: 2550
2020-05-25 20:47:11-0700: NN batches: 359
2020-05-25 20:47:11-0700: NN avg batch size: 7.10306
2020-05-25 20:47:11-0700: All cleaned up, quitting
2020-05-25 20:47:42-0700: Analysis Engine starting...
2020-05-25 20:47:42-0700: KataGo v1.4.2
2020-05-25 20:47:42-0700: nnRandSeed0 = 14113877248307381795
2020-05-25 20:47:42-0700: After dedups: nnModelFile0 = /home/austen/Programs/katago-opencl/g170e-b20c256x2-s3761649408-d809581368.bin.gz useFP16 auto useNHWC auto
2020-05-25 20:47:43-0700: Found OpenCL Platform 0: NVIDIA CUDA (NVIDIA Corporation) (OpenCL 1.2 CUDA 10.2.159)
2020-05-25 20:47:43-0700: Found 1 device(s) on platform 0 with type CPU or GPU or Accelerator
2020-05-25 20:47:43-0700: Found OpenCL Platform 1: Clover (Mesa) (OpenCL 1.1 Mesa 20.0.6)
2020-05-25 20:47:43-0700: Found 0 device(s) on platform 1 with type CPU or GPU or Accelerator, skipping
2020-05-25 20:47:43-0700: Found OpenCL Device 0: GeForce GTX 1050 Ti (NVIDIA Corporation) (score 11000102)
2020-05-25 20:47:43-0700: Using OpenCL Device 0: GeForce GTX 1050 Ti (NVIDIA Corporation) OpenCL 1.2 CUDA
2020-05-25 20:47:43-0700: Loaded tuning parameters from: /home/austen/.katago/opencltuning/tune6_gpuGeForceGTX1050Ti_x19_y19_c256_mv8.txt
2020-05-25 20:47:43-0700: Loaded config ./analysis.config
2020-05-25 20:47:43-0700: Loaded model /home/austen/Programs/katago-opencl/g170e-b20c256x2-s3761649408-d809581368.bin.gz
2020-05-25 20:47:43-0700: OpenCL backend: Model version 8
2020-05-25 20:47:43-0700: OpenCL backend: Model name: g170-b20c256x2-s3761649408-d809581368
2020-05-25 20:47:43-0700: Analyzing up to 6 positions at at time in parallel
2020-05-25 20:47:43-0700: Started, ready to begin handling requests
2020-05-25 20:47:58-0700: /home/austen/Programs/katago-opencl/g170e-b20c256x2-s3761649408-d809581368.bin.gz
2020-05-25 20:47:58-0700: NN rows: 2577
2020-05-25 20:47:58-0700: NN batches: 365
2020-05-25 20:47:58-0700: NN avg batch size: 7.06027
2020-05-25 20:47:58-0700: All cleaned up, quitting
2020-05-25 20:48:54-0700: Analysis Engine starting...
2020-05-25 20:48:54-0700: KataGo v1.4.2
2020-05-25 20:48:54-0700: nnRandSeed0 = 12542250262352166297
2020-05-25 20:48:54-0700: After dedups: nnModelFile0 = /home/austen/Programs/katago-opencl/g170e-b20c256x2-s3761649408-d809581368.bin.gz useFP16 auto useNHWC auto
2020-05-25 20:48:54-0700: Found OpenCL Platform 0: NVIDIA CUDA (NVIDIA Corporation) (OpenCL 1.2 CUDA 10.2.159)
2020-05-25 20:48:54-0700: Found 1 device(s) on platform 0 with type CPU or GPU or Accelerator
2020-05-25 20:48:54-0700: Found OpenCL Platform 1: Clover (Mesa) (OpenCL 1.1 Mesa 20.0.6)
2020-05-25 20:48:54-0700: Found 0 device(s) on platform 1 with type CPU or GPU or Accelerator, skipping
2020-05-25 20:48:54-0700: Found OpenCL Device 0: GeForce GTX 1050 Ti (NVIDIA Corporation) (score 11000102)
2020-05-25 20:48:55-0700: Using OpenCL Device 0: GeForce GTX 1050 Ti (NVIDIA Corporation) OpenCL 1.2 CUDA
2020-05-25 20:48:55-0700: Loaded tuning parameters from: /home/austen/.katago/opencltuning/tune6_gpuGeForceGTX1050Ti_x19_y19_c256_mv8.txt
2020-05-25 20:48:55-0700: Loaded config ./analysis.config
2020-05-25 20:48:55-0700: Loaded model /home/austen/Programs/katago-opencl/g170e-b20c256x2-s3761649408-d809581368.bin.gz
2020-05-25 20:48:55-0700: OpenCL backend: Model version 8
2020-05-25 20:48:55-0700: OpenCL backend: Model name: g170-b20c256x2-s3761649408-d809581368
2020-05-25 20:48:55-0700: Analyzing up to 6 positions at at time in parallel
2020-05-25 20:48:55-0700: Started, ready to begin handling requests
2020-05-25 20:49:10-0700: /home/austen/Programs/katago-opencl/g170e-b20c256x2-s3761649408-d809581368.bin.gz
2020-05-25 20:49:10-0700: NN rows: 2546
2020-05-25 20:49:10-0700: NN batches: 363
2020-05-25 20:49:10-0700: NN avg batch size: 7.01377
2020-05-25 20:49:10-0700: All cleaned up, quitting
2020-05-25 20:49:25-0700: Analysis Engine starting...
2020-05-25 20:49:25-0700: KataGo v1.4.2
2020-05-25 20:49:25-0700: nnRandSeed0 = 7379090559173097043
2020-05-25 20:49:25-0700: After dedups: nnModelFile0 = /home/austen/Programs/katago-opencl/g170e-b20c256x2-s3761649408-d809581368.bin.gz useFP16 auto useNHWC auto
2020-05-25 20:49:26-0700: Found OpenCL Platform 0: NVIDIA CUDA (NVIDIA Corporation) (OpenCL 1.2 CUDA 10.2.159)
2020-05-25 20:49:26-0700: Found 1 device(s) on platform 0 with type CPU or GPU or Accelerator
2020-05-25 20:49:26-0700: Found OpenCL Platform 1: Clover (Mesa) (OpenCL 1.1 Mesa 20.0.6)
2020-05-25 20:49:26-0700: Found 0 device(s) on platform 1 with type CPU or GPU or Accelerator, skipping
2020-05-25 20:49:26-0700: Found OpenCL Device 0: GeForce GTX 1050 Ti (NVIDIA Corporation) (score 11000102)
2020-05-25 20:49:26-0700: Using OpenCL Device 0: GeForce GTX 1050 Ti (NVIDIA Corporation) OpenCL 1.2 CUDA
2020-05-25 20:49:26-0700: Loaded tuning parameters from: /home/austen/.katago/opencltuning/tune6_gpuGeForceGTX1050Ti_x19_y19_c256_mv8.txt
2020-05-25 20:49:26-0700: Loaded config ./analysis.config
2020-05-25 20:49:26-0700: Loaded model /home/austen/Programs/katago-opencl/g170e-b20c256x2-s3761649408-d809581368.bin.gz
2020-05-25 20:49:26-0700: OpenCL backend: Model version 8
2020-05-25 20:49:26-0700: OpenCL backend: Model name: g170-b20c256x2-s3761649408-d809581368
2020-05-25 20:49:26-0700: Analyzing up to 6 positions at at time in parallel
2020-05-25 20:49:26-0700: Started, ready to begin handling requests
2020-05-25 20:49:41-0700: /home/austen/Programs/katago-opencl/g170e-b20c256x2-s3761649408-d809581368.bin.gz
2020-05-25 20:49:41-0700: NN rows: 2563
2020-05-25 20:49:41-0700: NN batches: 367
2020-05-25 20:49:41-0700: NN avg batch size: 6.98365
2020-05-25 20:49:41-0700: All cleaned up, quitting
2020-05-25 20:55:54-0700: Analysis Engine starting...
2020-05-25 20:55:54-0700: KataGo v1.4.2
2020-05-25 20:55:54-0700: nnRandSeed0 = 8064467455710350217
2020-05-25 20:55:54-0700: After dedups: nnModelFile0 = /home/austen/Programs/katago-opencl/g170e-b20c256x2-s3761649408-d809581368.bin.gz useFP16 auto useNHWC auto
2020-05-25 20:55:55-0700: Found OpenCL Platform 0: NVIDIA CUDA (NVIDIA Corporation) (OpenCL 1.2 CUDA 10.2.159)
2020-05-25 20:55:55-0700: Found 1 device(s) on platform 0 with type CPU or GPU or Accelerator
2020-05-25 20:55:55-0700: Found OpenCL Platform 1: Clover (Mesa) (OpenCL 1.1 Mesa 20.0.6)
2020-05-25 20:55:55-0700: Found 0 device(s) on platform 1 with type CPU or GPU or Accelerator, skipping
2020-05-25 20:55:55-0700: Found OpenCL Device 0: GeForce GTX 1050 Ti (NVIDIA Corporation) (score 11000102)
2020-05-25 20:55:55-0700: Using OpenCL Device 0: GeForce GTX 1050 Ti (NVIDIA Corporation) OpenCL 1.2 CUDA
2020-05-25 20:55:55-0700: Loaded tuning parameters from: /home/austen/.katago/opencltuning/tune6_gpuGeForceGTX1050Ti_x19_y19_c256_mv8.txt
2020-05-25 20:55:55-0700: Loaded config analysis.config
2020-05-25 20:55:55-0700: Loaded model /home/austen/Programs/katago-opencl/g170e-b20c256x2-s3761649408-d809581368.bin.gz
2020-05-25 20:55:55-0700: Analyzing up to 6 positions at at time in parallel
2020-05-25 20:55:55-0700: Started, ready to begin handling requests
2020-05-25 20:55:55-0700: OpenCL backend: Model version 8
2020-05-25 20:55:55-0700: OpenCL backend: Model name: g170-b20c256x2-s3761649408-d809581368
2020-05-25 20:55:56-0700: /home/austen/Programs/katago-opencl/g170e-b20c256x2-s3761649408-d809581368.bin.gz
2020-05-25 20:55:56-0700: NN rows: 12
2020-05-25 20:55:56-0700: NN batches: 3
2020-05-25 20:55:56-0700: NN avg batch size: 4
2020-05-25 20:55:56-0700: All cleaned up, quitting
